{"/home/travis/build/npmtest/node-npmtest-peerflix/test.js":{"path":"/home/travis/build/npmtest/node-npmtest-peerflix/test.js","s":{"1":2,"2":2,"3":2,"4":2,"5":2,"6":2,"7":2,"8":1,"9":2,"10":2,"11":1,"12":1,"13":1,"14":1,"15":2,"16":2,"17":2,"18":2,"19":1,"20":1,"21":2,"22":2,"23":2,"24":1,"25":1,"26":1,"27":1,"28":1,"29":1,"30":1,"31":1,"32":1,"33":1,"34":1,"35":1,"36":1,"37":1,"38":1,"39":2,"40":2,"41":1,"42":2,"43":2,"44":1,"45":2,"46":2,"47":1,"48":2,"49":2,"50":1,"51":1,"52":1,"53":1,"54":1},"b":{"1":[2,1,1,1],"2":[1,1,1,1],"3":[1,1],"4":[1,1],"5":[1,1],"6":[1,1],"7":[1,1],"8":[1,1],"9":[1,1],"10":[1,1,1],"11":[1,1],"12":[1,1],"13":[1,1],"14":[1,1],"15":[1,1],"16":[1,1],"17":[1,1]},"f":{"1":2,"2":2,"3":2,"4":2,"5":2,"6":1,"7":1,"8":1,"9":2,"10":2,"11":2,"12":2,"13":1},"fnMap":{"1":{"name":"(anonymous_1)","line":12,"loc":{"start":{"line":12,"column":1},"end":{"line":12,"column":13}}},"2":{"name":"(anonymous_2)","line":19,"loc":{"start":{"line":19,"column":5},"end":{"line":19,"column":17}}},"3":{"name":"(anonymous_3)","line":23,"loc":{"start":{"line":23,"column":24},"end":{"line":23,"column":36}}},"4":{"name":"(anonymous_4)","line":61,"loc":{"start":{"line":61,"column":5},"end":{"line":61,"column":17}}},"5":{"name":"(anonymous_5)","line":82,"loc":{"start":{"line":82,"column":5},"end":{"line":82,"column":17}}},"6":{"name":"(anonymous_6)","line":91,"loc":{"start":{"line":91,"column":77},"end":{"line":94,"column":10}}},"7":{"name":"(anonymous_7)","line":112,"loc":{"start":{"line":112,"column":83},"end":{"line":115,"column":10}},"skip":true},"8":{"name":"(anonymous_8)","line":123,"loc":{"start":{"line":123,"column":77},"end":{"line":126,"column":10}},"skip":true},"9":{"name":"(anonymous_9)","line":139,"loc":{"start":{"line":139,"column":12},"end":{"line":139,"column":40}},"skip":true},"10":{"name":"(anonymous_10)","line":147,"loc":{"start":{"line":147,"column":77},"end":{"line":150,"column":10}},"skip":true},"11":{"name":"(anonymous_11)","line":158,"loc":{"start":{"line":158,"column":83},"end":{"line":161,"column":10}},"skip":true},"12":{"name":"(anonymous_12)","line":169,"loc":{"start":{"line":169,"column":79},"end":{"line":172,"column":10}},"skip":true},"13":{"name":"(anonymous_13)","line":180,"loc":{"start":{"line":180,"column":75},"end":{"line":183,"column":10}},"skip":true}},"statementMap":{"1":{"start":{"line":12,"column":0},"end":{"line":195,"column":5}},"2":{"start":{"line":14,"column":4},"end":{"line":14,"column":14}},"3":{"start":{"line":19,"column":4},"end":{"line":56,"column":9}},"4":{"start":{"line":21,"column":8},"end":{"line":21,"column":19}},"5":{"start":{"line":23,"column":8},"end":{"line":35,"column":13}},"6":{"start":{"line":24,"column":12},"end":{"line":34,"column":13}},"7":{"start":{"line":25,"column":16},"end":{"line":28,"column":30}},"8":{"start":{"line":30,"column":16},"end":{"line":33,"column":27}},"9":{"start":{"line":37,"column":8},"end":{"line":39,"column":21}},"10":{"start":{"line":40,"column":8},"end":{"line":53,"column":9}},"11":{"start":{"line":43,"column":12},"end":{"line":46,"column":14}},"12":{"start":{"line":47,"column":12},"end":{"line":47,"column":18}},"13":{"start":{"line":50,"column":12},"end":{"line":51,"column":46}},"14":{"start":{"line":52,"column":12},"end":{"line":52,"column":18}},"15":{"start":{"line":55,"column":8},"end":{"line":55,"column":35}},"16":{"start":{"line":61,"column":4},"end":{"line":63,"column":9}},"17":{"start":{"line":62,"column":8},"end":{"line":62,"column":15}},"18":{"start":{"line":64,"column":4},"end":{"line":77,"column":5}},"19":{"start":{"line":70,"column":8},"end":{"line":70,"column":14}},"20":{"start":{"line":76,"column":8},"end":{"line":76,"column":14}},"21":{"start":{"line":82,"column":4},"end":{"line":84,"column":9}},"22":{"start":{"line":83,"column":8},"end":{"line":83,"column":15}},"23":{"start":{"line":85,"column":4},"end":{"line":194,"column":5}},"24":{"start":{"line":91,"column":8},"end":{"line":99,"column":10}},"25":{"start":{"line":98,"column":12},"end":{"line":98,"column":35}},"26":{"start":{"line":102,"column":8},"end":{"line":104,"column":63}},"27":{"start":{"line":105,"column":8},"end":{"line":105,"column":14}},"28":{"start":{"line":112,"column":8},"end":{"line":121,"column":10},"skip":true},"29":{"start":{"line":119,"column":12},"end":{"line":119,"column":55},"skip":true},"30":{"start":{"line":120,"column":12},"end":{"line":120,"column":48},"skip":true},"31":{"start":{"line":123,"column":8},"end":{"line":136,"column":10},"skip":true},"32":{"start":{"line":130,"column":12},"end":{"line":130,"column":76},"skip":true},"33":{"start":{"line":131,"column":12},"end":{"line":131,"column":73},"skip":true},"34":{"start":{"line":132,"column":12},"end":{"line":132,"column":74},"skip":true},"35":{"start":{"line":133,"column":12},"end":{"line":133,"column":79},"skip":true},"36":{"start":{"line":134,"column":12},"end":{"line":134,"column":25},"skip":true},"37":{"start":{"line":135,"column":12},"end":{"line":135,"column":45},"skip":true},"38":{"start":{"line":138,"column":8},"end":{"line":145,"column":14},"skip":true},"39":{"start":{"line":143,"column":16},"end":{"line":143,"column":29},"skip":true},"40":{"start":{"line":144,"column":16},"end":{"line":144,"column":55},"skip":true},"41":{"start":{"line":147,"column":8},"end":{"line":156,"column":10},"skip":true},"42":{"start":{"line":154,"column":12},"end":{"line":154,"column":25},"skip":true},"43":{"start":{"line":155,"column":12},"end":{"line":155,"column":45},"skip":true},"44":{"start":{"line":158,"column":8},"end":{"line":167,"column":10},"skip":true},"45":{"start":{"line":165,"column":12},"end":{"line":165,"column":25},"skip":true},"46":{"start":{"line":166,"column":12},"end":{"line":166,"column":48},"skip":true},"47":{"start":{"line":169,"column":8},"end":{"line":178,"column":10},"skip":true},"48":{"start":{"line":176,"column":12},"end":{"line":176,"column":25},"skip":true},"49":{"start":{"line":177,"column":12},"end":{"line":177,"column":46},"skip":true},"50":{"start":{"line":180,"column":8},"end":{"line":189,"column":10},"skip":true},"51":{"start":{"line":187,"column":12},"end":{"line":187,"column":94},"skip":true},"52":{"start":{"line":188,"column":12},"end":{"line":188,"column":48},"skip":true},"53":{"start":{"line":192,"column":8},"end":{"line":192,"column":35},"skip":true},"54":{"start":{"line":193,"column":8},"end":{"line":193,"column":14},"skip":true}},"branchMap":{"1":{"line":25,"type":"binary-expr","locations":[{"start":{"line":25,"column":23},"end":{"line":25,"column":62}},{"start":{"line":26,"column":20},"end":{"line":26,"column":70}},{"start":{"line":27,"column":20},"end":{"line":27,"column":71}},{"start":{"line":28,"column":20},"end":{"line":28,"column":29}}]},"2":{"line":30,"type":"binary-expr","locations":[{"start":{"line":30,"column":23},"end":{"line":30,"column":37}},{"start":{"line":31,"column":20},"end":{"line":31,"column":61}},{"start":{"line":32,"column":20},"end":{"line":32,"column":70}},{"start":{"line":33,"column":20},"end":{"line":33,"column":26}}]},"3":{"line":37,"type":"cond-expr","locations":[{"start":{"line":38,"column":14},"end":{"line":38,"column":20}},{"start":{"line":39,"column":14},"end":{"line":39,"column":20}}]},"4":{"line":40,"type":"switch","locations":[{"start":{"line":42,"column":8},"end":{"line":47,"column":18}},{"start":{"line":49,"column":8},"end":{"line":52,"column":18}}]},"5":{"line":44,"type":"binary-expr","locations":[{"start":{"line":44,"column":16},"end":{"line":44,"column":44}},{"start":{"line":44,"column":48},"end":{"line":44,"column":66}}]},"6":{"line":50,"type":"binary-expr","locations":[{"start":{"line":50,"column":21},"end":{"line":50,"column":49}},{"start":{"line":50,"column":53},"end":{"line":50,"column":72}}]},"7":{"line":64,"type":"switch","locations":[{"start":{"line":69,"column":4},"end":{"line":70,"column":14}},{"start":{"line":75,"column":4},"end":{"line":76,"column":14}}]},"8":{"line":85,"type":"switch","locations":[{"start":{"line":90,"column":4},"end":{"line":105,"column":14}},{"start":{"line":111,"column":4},"end":{"line":193,"column":14},"skip":true}]},"9":{"line":91,"type":"binary-expr","locations":[{"start":{"line":91,"column":42},"end":{"line":91,"column":73}},{"start":{"line":91,"column":77},"end":{"line":99,"column":9}}]},"10":{"line":102,"type":"binary-expr","locations":[{"start":{"line":102,"column":18},"end":{"line":102,"column":32}},{"start":{"line":103,"column":12},"end":{"line":103,"column":53}},{"start":{"line":104,"column":12},"end":{"line":104,"column":61}}]},"11":{"line":112,"type":"binary-expr","locations":[{"start":{"line":112,"column":45},"end":{"line":112,"column":79},"skip":true},{"start":{"line":112,"column":83},"end":{"line":121,"column":9},"skip":true}]},"12":{"line":123,"type":"binary-expr","locations":[{"start":{"line":123,"column":42},"end":{"line":123,"column":73},"skip":true},{"start":{"line":123,"column":77},"end":{"line":136,"column":9},"skip":true}]},"13":{"line":138,"type":"binary-expr","locations":[{"start":{"line":138,"column":48},"end":{"line":138,"column":85},"skip":true},{"start":{"line":139,"column":12},"end":{"line":145,"column":13},"skip":true}]},"14":{"line":147,"type":"binary-expr","locations":[{"start":{"line":147,"column":42},"end":{"line":147,"column":73},"skip":true},{"start":{"line":147,"column":77},"end":{"line":156,"column":9},"skip":true}]},"15":{"line":158,"type":"binary-expr","locations":[{"start":{"line":158,"column":45},"end":{"line":158,"column":79},"skip":true},{"start":{"line":158,"column":83},"end":{"line":167,"column":9},"skip":true}]},"16":{"line":169,"type":"binary-expr","locations":[{"start":{"line":169,"column":43},"end":{"line":169,"column":75},"skip":true},{"start":{"line":169,"column":79},"end":{"line":178,"column":9},"skip":true}]},"17":{"line":180,"type":"binary-expr","locations":[{"start":{"line":180,"column":41},"end":{"line":180,"column":71},"skip":true},{"start":{"line":180,"column":75},"end":{"line":189,"column":9},"skip":true}]}},"code":["/* istanbul instrument in package npmtest_peerflix */","/*jslint","    bitwise: true,","    browser: true,","    maxerr: 8,","    maxlen: 96,","    node: true,","    nomen: true,","    regexp: true,","    stupid: true","*/","(function () {","    'use strict';","    var local;","","","","    // run shared js-env code - pre-init","    (function () {","        // init local","        local = {};","        // init modeJs","        local.modeJs = (function () {","            try {","                return typeof navigator.userAgent === 'string' &&","                    typeof document.querySelector('body') === 'object' &&","                    typeof XMLHttpRequest.prototype.open === 'function' &&","                    'browser';","            } catch (errorCaughtBrowser) {","                return module.exports &&","                    typeof process.versions.node === 'string' &&","                    typeof require('http').createServer === 'function' &&","                    'node';","            }","        }());","        // init global","        local.global = local.modeJs === 'browser'","            ? window","            : global;","        switch (local.modeJs) {","        // re-init local from window.local","        case 'browser':","            local = local.global.utility2.objectSetDefault(","                local.global.utility2_rollup || local.global.local,","                local.global.utility2","            );","            break;","        // re-init local from example.js","        case 'node':","            local = (local.global.utility2_rollup || require('utility2'))","                .requireExampleJsFromReadme();","            break;","        }","        // export local","        local.global.local = local;","    }());","","","","    // run shared js-env code - function","    (function () {","        return;","    }());","    switch (local.modeJs) {","","","","    // run browser js-env code - function","    case 'browser':","        break;","","","","    // run node js-env code - function","    case 'node':","        break;","    }","","","","    // run shared js-env code - post-init","    (function () {","        return;","    }());","    switch (local.modeJs) {","","","","    // run browser js-env code - post-init","    case 'browser':","        local.testCase_browser_nullCase = local.testCase_browser_nullCase || function (","            options,","            onError","        ) {","        /*","         * this function will test browsers's null-case handling-behavior-behavior","         */","            onError(null, options);","        };","","        // run tests","        local.nop(local.modeTest &&","            document.querySelector('#testRunButton1') &&","            document.querySelector('#testRunButton1').click());","        break;","","","","    // run node js-env code - post-init","    /* istanbul ignore next */","    case 'node':","        local.testCase_buildApidoc_default = local.testCase_buildApidoc_default || function (","            options,","            onError","        ) {","        /*","         * this function will test buildApidoc's default handling-behavior-behavior","         */","            options = { modulePathList: module.paths };","            local.buildApidoc(options, onError);","        };","","        local.testCase_buildApp_default = local.testCase_buildApp_default || function (","            options,","            onError","        ) {","        /*","         * this function will test buildApp's default handling-behavior-behavior","         */","            local.testCase_buildReadme_default(options, local.onErrorThrow);","            local.testCase_buildLib_default(options, local.onErrorThrow);","            local.testCase_buildTest_default(options, local.onErrorThrow);","            local.testCase_buildCustomOrg_default(options, local.onErrorThrow);","            options = [];","            local.buildApp(options, onError);","        };","","        local.testCase_buildCustomOrg_default = local.testCase_buildCustomOrg_default ||","            function (options, onError) {","            /*","             * this function will test buildCustomOrg's default handling-behavior","             */","                options = {};","                local.buildCustomOrg(options, onError);","            };","","        local.testCase_buildLib_default = local.testCase_buildLib_default || function (","            options,","            onError","        ) {","        /*","         * this function will test buildLib's default handling-behavior","         */","            options = {};","            local.buildLib(options, onError);","        };","","        local.testCase_buildReadme_default = local.testCase_buildReadme_default || function (","            options,","            onError","        ) {","        /*","         * this function will test buildReadme's default handling-behavior-behavior","         */","            options = {};","            local.buildReadme(options, onError);","        };","","        local.testCase_buildTest_default = local.testCase_buildTest_default || function (","            options,","            onError","        ) {","        /*","         * this function will test buildTest's default handling-behavior","         */","            options = {};","            local.buildTest(options, onError);","        };","","        local.testCase_webpage_default = local.testCase_webpage_default || function (","            options,","            onError","        ) {","        /*","         * this function will test webpage's default handling-behavior","         */","            options = { modeCoverageMerge: true, url: local.serverLocalHost + '?modeTest=1' };","            local.browserTest(options, onError);","        };","","        // run test-server","        local.testRunServer(local);","        break;","    }","}());",""],"l":{"12":2,"14":2,"19":2,"21":2,"23":2,"24":2,"25":2,"30":1,"37":2,"40":2,"43":1,"47":1,"50":1,"52":1,"55":2,"61":2,"62":2,"64":2,"70":1,"76":1,"82":2,"83":2,"85":2,"91":1,"98":1,"102":1,"105":1,"112":1,"119":1,"120":1,"123":1,"130":1,"131":1,"132":1,"133":1,"134":1,"135":1,"138":1,"143":2,"144":2,"147":1,"154":2,"155":2,"158":1,"165":2,"166":2,"169":1,"176":2,"177":2,"180":1,"187":1,"188":1,"192":1,"193":1}},"/home/travis/build/npmtest/node-npmtest-peerflix/lib.npmtest_peerflix.js":{"path":"/home/travis/build/npmtest/node-npmtest-peerflix/lib.npmtest_peerflix.js","s":{"1":2,"2":2,"3":2,"4":2,"5":2,"6":2,"7":2,"8":1,"9":2,"10":2,"11":2,"12":2,"13":1,"14":1,"15":1,"16":1},"b":{"1":[2,1,1,1],"2":[1,1,1,1],"3":[1,1],"4":[2,2],"5":[1,1]},"f":{"1":2,"2":2,"3":2},"fnMap":{"1":{"name":"(anonymous_1)","line":12,"loc":{"start":{"line":12,"column":1},"end":{"line":12,"column":13}}},"2":{"name":"(anonymous_2)","line":19,"loc":{"start":{"line":19,"column":5},"end":{"line":19,"column":17}}},"3":{"name":"(anonymous_3)","line":23,"loc":{"start":{"line":23,"column":24},"end":{"line":23,"column":36}}}},"statementMap":{"1":{"start":{"line":12,"column":0},"end":{"line":53,"column":5}},"2":{"start":{"line":14,"column":4},"end":{"line":14,"column":14}},"3":{"start":{"line":19,"column":4},"end":{"line":52,"column":9}},"4":{"start":{"line":21,"column":8},"end":{"line":21,"column":19}},"5":{"start":{"line":23,"column":8},"end":{"line":35,"column":13}},"6":{"start":{"line":24,"column":12},"end":{"line":34,"column":13}},"7":{"start":{"line":25,"column":16},"end":{"line":28,"column":30}},"8":{"start":{"line":30,"column":16},"end":{"line":33,"column":27}},"9":{"start":{"line":37,"column":8},"end":{"line":39,"column":21}},"10":{"start":{"line":41,"column":8},"end":{"line":41,"column":54}},"11":{"start":{"line":43,"column":8},"end":{"line":43,"column":53}},"12":{"start":{"line":45,"column":8},"end":{"line":51,"column":9}},"13":{"start":{"line":46,"column":12},"end":{"line":46,"column":59}},"14":{"start":{"line":48,"column":12},"end":{"line":48,"column":35}},"15":{"start":{"line":49,"column":12},"end":{"line":49,"column":49}},"16":{"start":{"line":50,"column":12},"end":{"line":50,"column":43}}},"branchMap":{"1":{"line":25,"type":"binary-expr","locations":[{"start":{"line":25,"column":23},"end":{"line":25,"column":62}},{"start":{"line":26,"column":20},"end":{"line":26,"column":70}},{"start":{"line":27,"column":20},"end":{"line":27,"column":71}},{"start":{"line":28,"column":20},"end":{"line":28,"column":29}}]},"2":{"line":30,"type":"binary-expr","locations":[{"start":{"line":30,"column":23},"end":{"line":30,"column":37}},{"start":{"line":31,"column":20},"end":{"line":31,"column":61}},{"start":{"line":32,"column":20},"end":{"line":32,"column":70}},{"start":{"line":33,"column":20},"end":{"line":33,"column":26}}]},"3":{"line":37,"type":"cond-expr","locations":[{"start":{"line":38,"column":14},"end":{"line":38,"column":20}},{"start":{"line":39,"column":14},"end":{"line":39,"column":20}}]},"4":{"line":41,"type":"binary-expr","locations":[{"start":{"line":41,"column":16},"end":{"line":41,"column":44}},{"start":{"line":41,"column":48},"end":{"line":41,"column":53}}]},"5":{"line":45,"type":"if","locations":[{"start":{"line":45,"column":8},"end":{"line":45,"column":8}},{"start":{"line":45,"column":8},"end":{"line":45,"column":8}}]}},"code":["/* istanbul instrument in package npmtest_peerflix */","/*jslint","    bitwise: true,","    browser: true,","    maxerr: 8,","    maxlen: 96,","    node: true,","    nomen: true,","    regexp: true,","    stupid: true","*/","(function () {","    'use strict';","    var local;","","","","    // run shared js-env code - pre-init","    (function () {","        // init local","        local = {};","        // init modeJs","        local.modeJs = (function () {","            try {","                return typeof navigator.userAgent === 'string' &&","                    typeof document.querySelector('body') === 'object' &&","                    typeof XMLHttpRequest.prototype.open === 'function' &&","                    'browser';","            } catch (errorCaughtBrowser) {","                return module.exports &&","                    typeof process.versions.node === 'string' &&","                    typeof require('http').createServer === 'function' &&","                    'node';","            }","        }());","        // init global","        local.global = local.modeJs === 'browser'","            ? window","            : global;","        // init utility2_rollup","        local = local.global.utility2_rollup || local;","        // init lib","        local.local = local.npmtest_peerflix = local;","        // init exports","        if (local.modeJs === 'browser') {","            local.global.utility2_npmtest_peerflix = local;","        } else {","            module.exports = local;","            module.exports.__dirname = __dirname;","            module.exports.module = module;","        }","    }());","}());",""],"l":{"12":2,"14":2,"19":2,"21":2,"23":2,"24":2,"25":2,"30":1,"37":2,"41":2,"43":2,"45":2,"46":1,"48":1,"49":1,"50":1}},"/home/travis/build/npmtest/node-npmtest-peerflix/example.js":{"path":"/home/travis/build/npmtest/node-npmtest-peerflix/example.js","s":{"1":2,"2":2,"3":2,"4":2,"5":2,"6":2,"7":2,"8":1,"9":2,"10":2,"11":2,"12":2,"13":1,"14":2,"15":2,"16":2,"17":2,"18":2,"19":0,"20":2,"21":1,"22":1,"23":1,"24":1,"25":1,"26":0,"27":0,"28":1,"29":1,"30":2,"31":0,"32":0,"33":0,"34":1,"35":2,"36":2,"37":3,"38":3,"39":3,"40":3,"41":0,"42":3,"43":3,"44":3,"45":1,"46":3,"47":1,"48":1,"49":1,"50":1,"51":1,"52":1,"53":1,"54":1,"55":1,"56":1,"57":0,"58":1,"59":6,"60":6,"61":1,"62":2,"63":0,"64":2,"65":1,"66":1,"67":0,"68":0,"69":0,"70":0,"71":0,"72":0,"73":0,"74":0,"75":0,"76":0,"77":0,"78":0,"79":0,"80":0,"81":0,"82":0,"83":0},"b":{"1":[2,1,1,1],"2":[1,1,1,1],"3":[1,1],"4":[2,2],"5":[1,1],"6":[1,1],"7":[2,0],"8":[2,1,1,1,1,1],"9":[0,2,0],"10":[1,1],"11":[2,1,1],"12":[1,0],"13":[0,2],"14":[2,0,0,0,0,0,0],"15":[0,3],"16":[3,0],"17":[1,1],"18":[0,1],"19":[1,2,0,2],"20":[1,0],"21":[1,1],"22":[0,0],"23":[0,0],"24":[0,0],"25":[0,0],"26":[0,0],"27":[0,0],"28":[0,0]},"f":{"1":2,"2":2,"3":2,"4":2,"5":2,"6":2,"7":3,"8":3,"9":3,"10":1,"11":6,"12":0},"fnMap":{"1":{"name":"(anonymous_1)","line":26,"loc":{"start":{"line":26,"column":1},"end":{"line":26,"column":13}}},"2":{"name":"(anonymous_2)","line":33,"loc":{"start":{"line":33,"column":5},"end":{"line":33,"column":17}}},"3":{"name":"(anonymous_3)","line":37,"loc":{"start":{"line":37,"column":24},"end":{"line":37,"column":36}}},"4":{"name":"(anonymous_4)","line":69,"loc":{"start":{"line":69,"column":31},"end":{"line":69,"column":48}},"skip":true},"5":{"name":"(anonymous_5)","line":78,"loc":{"start":{"line":78,"column":26},"end":{"line":78,"column":45}},"skip":true},"6":{"name":"(anonymous_6)","line":123,"loc":{"start":{"line":123,"column":33},"end":{"line":123,"column":48}},"skip":true},"7":{"name":"(anonymous_7)","line":125,"loc":{"start":{"line":125,"column":27},"end":{"line":125,"column":39}},"skip":true},"8":{"name":"(anonymous_8)","line":133,"loc":{"start":{"line":133,"column":59},"end":{"line":133,"column":74}},"skip":true},"9":{"name":"(anonymous_9)","line":143,"loc":{"start":{"line":143,"column":45},"end":{"line":143,"column":62}},"skip":true},"10":{"name":"(anonymous_10)","line":144,"loc":{"start":{"line":144,"column":73},"end":{"line":144,"column":92}},"skip":true},"11":{"name":"(anonymous_11)","line":272,"loc":{"start":{"line":272,"column":51},"end":{"line":272,"column":77}},"skip":true},"12":{"name":"(anonymous_12)","line":315,"loc":{"start":{"line":315,"column":32},"end":{"line":315,"column":61}},"skip":true}},"statementMap":{"1":{"start":{"line":26,"column":0},"end":{"line":326,"column":5}},"2":{"start":{"line":28,"column":4},"end":{"line":28,"column":14}},"3":{"start":{"line":33,"column":4},"end":{"line":60,"column":9}},"4":{"start":{"line":35,"column":8},"end":{"line":35,"column":19}},"5":{"start":{"line":37,"column":8},"end":{"line":49,"column":13}},"6":{"start":{"line":38,"column":12},"end":{"line":48,"column":13}},"7":{"start":{"line":39,"column":16},"end":{"line":42,"column":30}},"8":{"start":{"line":44,"column":16},"end":{"line":47,"column":27}},"9":{"start":{"line":51,"column":8},"end":{"line":53,"column":21}},"10":{"start":{"line":55,"column":8},"end":{"line":57,"column":45}},"11":{"start":{"line":59,"column":8},"end":{"line":59,"column":35}},"12":{"start":{"line":61,"column":4},"end":{"line":325,"column":5}},"13":{"start":{"line":69,"column":8},"end":{"line":121,"column":10},"skip":true},"14":{"start":{"line":70,"column":12},"end":{"line":88,"column":13},"skip":true},"15":{"start":{"line":76,"column":16},"end":{"line":87,"column":19},"skip":true},"16":{"start":{"line":79,"column":20},"end":{"line":86,"column":21},"skip":true},"17":{"start":{"line":82,"column":24},"end":{"line":82,"column":43},"skip":true},"18":{"start":{"line":83,"column":24},"end":{"line":83,"column":30},"skip":true},"19":{"start":{"line":85,"column":24},"end":{"line":85,"column":49},"skip":true},"20":{"start":{"line":89,"column":12},"end":{"line":107,"column":13},"skip":true},"21":{"start":{"line":92,"column":16},"end":{"line":102,"column":17},"skip":true},"22":{"start":{"line":93,"column":20},"end":{"line":93,"column":86},"skip":true},"23":{"start":{"line":94,"column":20},"end":{"line":95,"column":45},"skip":true},"24":{"start":{"line":96,"column":20},"end":{"line":96,"column":42},"skip":true},"25":{"start":{"line":97,"column":20},"end":{"line":97,"column":48},"skip":true},"26":{"start":{"line":100,"column":20},"end":{"line":100,"column":85},"skip":true},"27":{"start":{"line":101,"column":20},"end":{"line":101,"column":96},"skip":true},"28":{"start":{"line":103,"column":16},"end":{"line":103,"column":22},"skip":true},"29":{"start":{"line":106,"column":16},"end":{"line":106,"column":22},"skip":true},"30":{"start":{"line":108,"column":12},"end":{"line":120,"column":13},"skip":true},"31":{"start":{"line":114,"column":16},"end":{"line":119,"column":17},"skip":true},"32":{"start":{"line":116,"column":20},"end":{"line":116,"column":78},"skip":true},"33":{"start":{"line":118,"column":20},"end":{"line":118,"column":47},"skip":true},"34":{"start":{"line":123,"column":8},"end":{"line":141,"column":11},"skip":true},"35":{"start":{"line":124,"column":12},"end":{"line":124,"column":54},"skip":true},"36":{"start":{"line":125,"column":12},"end":{"line":140,"column":14},"skip":true},"37":{"start":{"line":126,"column":16},"end":{"line":126,"column":28},"skip":true},"38":{"start":{"line":127,"column":16},"end":{"line":127,"column":69},"skip":true},"39":{"start":{"line":128,"column":16},"end":{"line":128,"column":75},"skip":true},"40":{"start":{"line":129,"column":16},"end":{"line":131,"column":17},"skip":true},"41":{"start":{"line":130,"column":20},"end":{"line":130,"column":27},"skip":true},"42":{"start":{"line":133,"column":16},"end":{"line":137,"column":36},"skip":true},"43":{"start":{"line":134,"column":20},"end":{"line":136,"column":55},"skip":true},"44":{"start":{"line":139,"column":16},"end":{"line":139,"column":57},"skip":true},"45":{"start":{"line":143,"column":8},"end":{"line":147,"column":11},"skip":true},"46":{"start":{"line":144,"column":12},"end":{"line":146,"column":15},"skip":true},"47":{"start":{"line":145,"column":16},"end":{"line":145,"column":70},"skip":true},"48":{"start":{"line":149,"column":8},"end":{"line":149,"column":31},"skip":true},"49":{"start":{"line":150,"column":8},"end":{"line":150,"column":14},"skip":true},"50":{"start":{"line":158,"column":8},"end":{"line":158,"column":31},"skip":true},"51":{"start":{"line":160,"column":8},"end":{"line":160,"column":33},"skip":true},"52":{"start":{"line":161,"column":8},"end":{"line":161,"column":37},"skip":true},"53":{"start":{"line":162,"column":8},"end":{"line":162,"column":35},"skip":true},"54":{"start":{"line":164,"column":8},"end":{"line":164,"column":50},"skip":true},"55":{"start":{"line":166,"column":8},"end":{"line":256,"column":2},"skip":true},"56":{"start":{"line":258,"column":8},"end":{"line":286,"column":9},"skip":true},"57":{"start":{"line":259,"column":12},"end":{"line":269,"column":14},"skip":true},"58":{"start":{"line":271,"column":12},"end":{"line":285,"column":19},"skip":true},"59":{"start":{"line":274,"column":20},"end":{"line":274,"column":35},"skip":true},"60":{"start":{"line":275,"column":20},"end":{"line":284,"column":21},"skip":true},"61":{"start":{"line":277,"column":24},"end":{"line":277,"column":64},"skip":true},"62":{"start":{"line":279,"column":24},"end":{"line":279,"column":40},"skip":true},"63":{"start":{"line":281,"column":24},"end":{"line":281,"column":40},"skip":true},"64":{"start":{"line":283,"column":24},"end":{"line":283,"column":39},"skip":true},"65":{"start":{"line":288,"column":8},"end":{"line":290,"column":9},"skip":true},"66":{"start":{"line":289,"column":12},"end":{"line":289,"column":18},"skip":true},"67":{"start":{"line":291,"column":8},"end":{"line":293,"column":54},"skip":true},"68":{"start":{"line":296,"column":8},"end":{"line":301,"column":37},"skip":true},"69":{"start":{"line":303,"column":8},"end":{"line":303,"column":82},"skip":true},"70":{"start":{"line":306,"column":8},"end":{"line":308,"column":9},"skip":true},"71":{"start":{"line":307,"column":12},"end":{"line":307,"column":82},"skip":true},"72":{"start":{"line":310,"column":8},"end":{"line":312,"column":9},"skip":true},"73":{"start":{"line":311,"column":12},"end":{"line":311,"column":18},"skip":true},"74":{"start":{"line":313,"column":8},"end":{"line":313,"column":54},"skip":true},"75":{"start":{"line":314,"column":8},"end":{"line":314,"column":69},"skip":true},"76":{"start":{"line":315,"column":8},"end":{"line":323,"column":36},"skip":true},"77":{"start":{"line":316,"column":12},"end":{"line":316,"column":61},"skip":true},"78":{"start":{"line":317,"column":12},"end":{"line":320,"column":13},"skip":true},"79":{"start":{"line":318,"column":16},"end":{"line":318,"column":75},"skip":true},"80":{"start":{"line":319,"column":16},"end":{"line":319,"column":23},"skip":true},"81":{"start":{"line":321,"column":12},"end":{"line":321,"column":38},"skip":true},"82":{"start":{"line":322,"column":12},"end":{"line":322,"column":27},"skip":true},"83":{"start":{"line":324,"column":8},"end":{"line":324,"column":14},"skip":true}},"branchMap":{"1":{"line":39,"type":"binary-expr","locations":[{"start":{"line":39,"column":23},"end":{"line":39,"column":62}},{"start":{"line":40,"column":20},"end":{"line":40,"column":70}},{"start":{"line":41,"column":20},"end":{"line":41,"column":71}},{"start":{"line":42,"column":20},"end":{"line":42,"column":29}}]},"2":{"line":44,"type":"binary-expr","locations":[{"start":{"line":44,"column":23},"end":{"line":44,"column":37}},{"start":{"line":45,"column":20},"end":{"line":45,"column":61}},{"start":{"line":46,"column":20},"end":{"line":46,"column":70}},{"start":{"line":47,"column":20},"end":{"line":47,"column":26}}]},"3":{"line":51,"type":"cond-expr","locations":[{"start":{"line":52,"column":14},"end":{"line":52,"column":20}},{"start":{"line":53,"column":14},"end":{"line":53,"column":20}}]},"4":{"line":55,"type":"binary-expr","locations":[{"start":{"line":55,"column":16},"end":{"line":55,"column":44}},{"start":{"line":55,"column":49},"end":{"line":57,"column":43}}]},"5":{"line":55,"type":"cond-expr","locations":[{"start":{"line":56,"column":14},"end":{"line":56,"column":52}},{"start":{"line":57,"column":14},"end":{"line":57,"column":43}}]},"6":{"line":61,"type":"switch","locations":[{"start":{"line":68,"column":4},"end":{"line":150,"column":14},"skip":true},{"start":{"line":156,"column":4},"end":{"line":324,"column":14},"skip":true}]},"7":{"line":70,"type":"if","locations":[{"start":{"line":70,"column":12},"end":{"line":70,"column":12},"skip":true},{"start":{"line":70,"column":12},"end":{"line":70,"column":12},"skip":true}]},"8":{"line":70,"type":"binary-expr","locations":[{"start":{"line":70,"column":16},"end":{"line":70,"column":22},"skip":true},{"start":{"line":70,"column":27},"end":{"line":70,"column":32},"skip":true},{"start":{"line":71,"column":20},"end":{"line":71,"column":39},"skip":true},{"start":{"line":72,"column":20},"end":{"line":72,"column":49},"skip":true},{"start":{"line":73,"column":20},"end":{"line":73,"column":58},"skip":true},{"start":{"line":74,"column":20},"end":{"line":74,"column":69},"skip":true}]},"9":{"line":79,"type":"switch","locations":[{"start":{"line":80,"column":20},"end":{"line":80,"column":33},"skip":true},{"start":{"line":81,"column":20},"end":{"line":83,"column":30},"skip":true},{"start":{"line":84,"column":20},"end":{"line":85,"column":49},"skip":true}]},"10":{"line":89,"type":"switch","locations":[{"start":{"line":90,"column":12},"end":{"line":103,"column":22},"skip":true},{"start":{"line":105,"column":12},"end":{"line":106,"column":22},"skip":true}]},"11":{"line":89,"type":"binary-expr","locations":[{"start":{"line":89,"column":20},"end":{"line":89,"column":25},"skip":true},{"start":{"line":89,"column":29},"end":{"line":89,"column":48},"skip":true},{"start":{"line":89,"column":52},"end":{"line":89,"column":74},"skip":true}]},"12":{"line":92,"type":"if","locations":[{"start":{"line":92,"column":16},"end":{"line":92,"column":16},"skip":true},{"start":{"line":92,"column":16},"end":{"line":92,"column":16},"skip":true}]},"13":{"line":108,"type":"if","locations":[{"start":{"line":108,"column":12},"end":{"line":108,"column":12},"skip":true},{"start":{"line":108,"column":12},"end":{"line":108,"column":12},"skip":true}]},"14":{"line":108,"type":"binary-expr","locations":[{"start":{"line":108,"column":16},"end":{"line":108,"column":61},"skip":true},{"start":{"line":108,"column":66},"end":{"line":108,"column":72},"skip":true},{"start":{"line":108,"column":77},"end":{"line":108,"column":82},"skip":true},{"start":{"line":109,"column":20},"end":{"line":109,"column":39},"skip":true},{"start":{"line":110,"column":20},"end":{"line":110,"column":49},"skip":true},{"start":{"line":111,"column":20},"end":{"line":111,"column":58},"skip":true},{"start":{"line":112,"column":20},"end":{"line":112,"column":68},"skip":true}]},"15":{"line":129,"type":"if","locations":[{"start":{"line":129,"column":16},"end":{"line":129,"column":16},"skip":true},{"start":{"line":129,"column":16},"end":{"line":129,"column":16},"skip":true}]},"16":{"line":134,"type":"cond-expr","locations":[{"start":{"line":135,"column":26},"end":{"line":135,"column":29},"skip":true},{"start":{"line":136,"column":26},"end":{"line":136,"column":54},"skip":true}]},"17":{"line":164,"type":"binary-expr","locations":[{"start":{"line":164,"column":27},"end":{"line":164,"column":43},"skip":true},{"start":{"line":164,"column":47},"end":{"line":164,"column":49},"skip":true}]},"18":{"line":258,"type":"if","locations":[{"start":{"line":258,"column":8},"end":{"line":258,"column":8},"skip":true},{"start":{"line":258,"column":8},"end":{"line":258,"column":8},"skip":true}]},"19":{"line":275,"type":"switch","locations":[{"start":{"line":276,"column":20},"end":{"line":277,"column":64},"skip":true},{"start":{"line":278,"column":20},"end":{"line":279,"column":40},"skip":true},{"start":{"line":280,"column":20},"end":{"line":281,"column":40},"skip":true},{"start":{"line":282,"column":20},"end":{"line":283,"column":39},"skip":true}]},"20":{"line":288,"type":"if","locations":[{"start":{"line":288,"column":8},"end":{"line":288,"column":8},"skip":true},{"start":{"line":288,"column":8},"end":{"line":288,"column":8},"skip":true}]},"21":{"line":288,"type":"binary-expr","locations":[{"start":{"line":288,"column":12},"end":{"line":288,"column":40},"skip":true},{"start":{"line":288,"column":44},"end":{"line":288,"column":67},"skip":true}]},"22":{"line":292,"type":"binary-expr","locations":[{"start":{"line":292,"column":12},"end":{"line":292,"column":50},"skip":true},{"start":{"line":293,"column":12},"end":{"line":293,"column":53},"skip":true}]},"23":{"line":297,"type":"binary-expr","locations":[{"start":{"line":297,"column":12},"end":{"line":297,"column":66},"skip":true},{"start":{"line":298,"column":12},"end":{"line":301,"column":36},"skip":true}]},"24":{"line":303,"type":"binary-expr","locations":[{"start":{"line":303,"column":43},"end":{"line":303,"column":75},"skip":true},{"start":{"line":303,"column":79},"end":{"line":303,"column":81},"skip":true}]},"25":{"line":306,"type":"if","locations":[{"start":{"line":306,"column":8},"end":{"line":306,"column":8},"skip":true},{"start":{"line":306,"column":8},"end":{"line":306,"column":8},"skip":true}]},"26":{"line":310,"type":"if","locations":[{"start":{"line":310,"column":8},"end":{"line":310,"column":8},"skip":true},{"start":{"line":310,"column":8},"end":{"line":310,"column":8},"skip":true}]},"27":{"line":313,"type":"binary-expr","locations":[{"start":{"line":313,"column":27},"end":{"line":313,"column":43},"skip":true},{"start":{"line":313,"column":47},"end":{"line":313,"column":53},"skip":true}]},"28":{"line":317,"type":"if","locations":[{"start":{"line":317,"column":12},"end":{"line":317,"column":12},"skip":true},{"start":{"line":317,"column":12},"end":{"line":317,"column":12},"skip":true}]}},"code":["/*","example.js","","quickstart example","","instruction","    1. save this script as example.js","    2. run the shell command:","        $ npm install npmtest-peerflix && PORT=8081 node example.js","    3. play with the browser-demo on http://127.0.0.1:8081","*/","","","","/* istanbul instrument in package npmtest_peerflix */","/*jslint","    bitwise: true,","    browser: true,","    maxerr: 8,","    maxlen: 96,","    node: true,","    nomen: true,","    regexp: true,","    stupid: true","*/","(function () {","    'use strict';","    var local;","","","","    // run shared js-env code - pre-init","    (function () {","        // init local","        local = {};","        // init modeJs","        local.modeJs = (function () {","            try {","                return typeof navigator.userAgent === 'string' &&","                    typeof document.querySelector('body') === 'object' &&","                    typeof XMLHttpRequest.prototype.open === 'function' &&","                    'browser';","            } catch (errorCaughtBrowser) {","                return module.exports &&","                    typeof process.versions.node === 'string' &&","                    typeof require('http').createServer === 'function' &&","                    'node';","            }","        }());","        // init global","        local.global = local.modeJs === 'browser'","            ? window","            : global;","        // init utility2_rollup","        local = local.global.utility2_rollup || (local.modeJs === 'browser'","            ? local.global.utility2_npmtest_peerflix","            : global.utility2_moduleExports);","        // export local","        local.global.local = local;","    }());","    switch (local.modeJs) {","","","","    // post-init","    // run browser js-env code - post-init","    /* istanbul ignore next */","    case 'browser':","        local.testRunBrowser = function (event) {","            if (!event || (event &&","                    event.currentTarget &&","                    event.currentTarget.className &&","                    event.currentTarget.className.includes &&","                    event.currentTarget.className.includes('onreset'))) {","                // reset output","                Array.from(","                    document.querySelectorAll('body > .resettable')","                ).forEach(function (element) {","                    switch (element.tagName) {","                    case 'INPUT':","                    case 'TEXTAREA':","                        element.value = '';","                        break;","                    default:","                        element.textContent = '';","                    }","                });","            }","            switch (event && event.currentTarget && event.currentTarget.id) {","            case 'testRunButton1':","                // show tests","                if (document.querySelector('#testReportDiv1').style.display === 'none') {","                    document.querySelector('#testReportDiv1').style.display = 'block';","                    document.querySelector('#testRunButton1').textContent =","                        'hide internal test';","                    local.modeTest = true;","                    local.testRunDefault(local);","                // hide tests","                } else {","                    document.querySelector('#testReportDiv1').style.display = 'none';","                    document.querySelector('#testRunButton1').textContent = 'run internal test';","                }","                break;","            // custom-case","            default:","                break;","            }","            if (document.querySelector('#inputTextareaEval1') && (!event || (event &&","                    event.currentTarget &&","                    event.currentTarget.className &&","                    event.currentTarget.className.includes &&","                    event.currentTarget.className.includes('oneval')))) {","                // try to eval input-code","                try {","                    /*jslint evil: true*/","                    eval(document.querySelector('#inputTextareaEval1').value);","                } catch (errorCaught) {","                    console.error(errorCaught);","                }","            }","        };","        // log stderr and stdout to #outputTextareaStdout1","        ['error', 'log'].forEach(function (key) {","            console[key + '_original'] = console[key];","            console[key] = function () {","                var element;","                console[key + '_original'].apply(console, arguments);","                element = document.querySelector('#outputTextareaStdout1');","                if (!element) {","                    return;","                }","                // append text to #outputTextareaStdout1","                element.value += Array.from(arguments).map(function (arg) {","                    return typeof arg === 'string'","                        ? arg","                        : JSON.stringify(arg, null, 4);","                }).join(' ') + '\\n';","                // scroll textarea to bottom","                element.scrollTop = element.scrollHeight;","            };","        });","        // init event-handling","        ['change', 'click', 'keyup'].forEach(function (event) {","            Array.from(document.querySelectorAll('.on' + event)).forEach(function (element) {","                element.addEventListener(event, local.testRunBrowser);","            });","        });","        // run tests","        local.testRunBrowser();","        break;","","","","    // run node js-env code - post-init","    /* istanbul ignore next */","    case 'node':","        // export local","        module.exports = local;","        // require modules","        local.fs = require('fs');","        local.http = require('http');","        local.url = require('url');","        // init assets","        local.assetsDict = local.assetsDict || {};","        /* jslint-ignore-begin */","        local.assetsDict['/assets.index.template.html'] = '\\","<!doctype html>\\n\\","<html lang=\"en\">\\n\\","<head>\\n\\","<meta charset=\"UTF-8\">\\n\\","<meta name=\"viewport\" content=\"width=device-width, initial-scale=1\">\\n\\","<title>{{env.npm_package_name}} (v{{env.npm_package_version}})</title>\\n\\","<style>\\n\\","/*csslint\\n\\","    box-sizing: false,\\n\\","    universal-selector: false\\n\\","*/\\n\\","* {\\n\\","    box-sizing: border-box;\\n\\","}\\n\\","body {\\n\\","    background: #dde;\\n\\","    font-family: Arial, Helvetica, sans-serif;\\n\\","    margin: 2rem;\\n\\","}\\n\\","body > * {\\n\\","    margin-bottom: 1rem;\\n\\","}\\n\\",".utility2FooterDiv {\\n\\","    margin-top: 20px;\\n\\","    text-align: center;\\n\\","}\\n\\","</style>\\n\\","<style>\\n\\","/*csslint\\n\\","*/\\n\\","textarea {\\n\\","    font-family: monospace;\\n\\","    height: 10rem;\\n\\","    width: 100%;\\n\\","}\\n\\","textarea[readonly] {\\n\\","    background: #ddd;\\n\\","}\\n\\","</style>\\n\\","</head>\\n\\","<body>\\n\\","<!-- utility2-comment\\n\\","<div id=\"ajaxProgressDiv1\" style=\"background: #d00; height: 2px; left: 0; margin: 0; padding: 0; position: fixed; top: 0; transition: background 0.5s, width 1.5s; width: 25%;\"></div>\\n\\","utility2-comment -->\\n\\","<h1>\\n\\","<!-- utility2-comment\\n\\","    <a\\n\\","        {{#if env.npm_package_homepage}}\\n\\","        href=\"{{env.npm_package_homepage}}\"\\n\\","        {{/if env.npm_package_homepage}}\\n\\","        target=\"_blank\"\\n\\","    >\\n\\","utility2-comment -->\\n\\","        {{env.npm_package_name}} (v{{env.npm_package_version}})\\n\\","<!-- utility2-comment\\n\\","    </a>\\n\\","utility2-comment -->\\n\\","</h1>\\n\\","<h3>{{env.npm_package_description}}</h3>\\n\\","<!-- utility2-comment\\n\\","<h4><a download href=\"assets.app.js\">download standalone app</a></h4>\\n\\","<button class=\"onclick onreset\" id=\"testRunButton1\">run internal test</button><br>\\n\\","<div id=\"testReportDiv1\" style=\"display: none;\"></div>\\n\\","utility2-comment -->\\n\\","\\n\\","\\n\\","\\n\\","<label>stderr and stdout</label>\\n\\","<textarea class=\"resettable\" id=\"outputTextareaStdout1\" readonly></textarea>\\n\\","<!-- utility2-comment\\n\\","{{#if isRollup}}\\n\\","<script src=\"assets.app.js\"></script>\\n\\","{{#unless isRollup}}\\n\\","utility2-comment -->\\n\\","<script src=\"assets.utility2.rollup.js\"></script>\\n\\","<script src=\"jsonp.utility2._stateInit?callback=window.utility2._stateInit\"></script>\\n\\","<script src=\"assets.npmtest_peerflix.rollup.js\"></script>\\n\\","<script src=\"assets.example.js\"></script>\\n\\","<script src=\"assets.test.js\"></script>\\n\\","<!-- utility2-comment\\n\\","{{/if isRollup}}\\n\\","utility2-comment -->\\n\\","<div class=\"utility2FooterDiv\">\\n\\","    [ this app was created with\\n\\","    <a href=\"https://github.com/kaizhu256/node-utility2\" target=\"_blank\">utility2</a>\\n\\","    ]\\n\\","</div>\\n\\","</body>\\n\\","</html>\\n\\","';","        /* jslint-ignore-end */","        if (local.templateRender) {","            local.assetsDict['/'] = local.templateRender(","                local.assetsDict['/assets.index.template.html'],","                {","                    env: local.objectSetDefault(local.env, {","                        npm_package_description: 'the greatest app in the world!',","                        npm_package_name: 'my-app',","                        npm_package_nameAlias: 'my_app',","                        npm_package_version: '0.0.1'","                    })","                }","            );","        } else {","            local.assetsDict['/'] = local.assetsDict['/assets.index.template.html']","                .replace((/\\{\\{env\\.(\\w+?)\\}\\}/g), function (match0, match1) {","                    // jslint-hack","                    String(match0);","                    switch (match1) {","                    case 'npm_package_description':","                        return 'the greatest app in the world!';","                    case 'npm_package_name':","                        return 'my-app';","                    case 'npm_package_nameAlias':","                        return 'my_app';","                    case 'npm_package_version':","                        return '0.0.1';","                    }","                });","        }","        // run the cli","        if (local.global.utility2_rollup || module !== require.main) {","            break;","        }","        local.assetsDict['/assets.example.js'] =","            local.assetsDict['/assets.example.js'] ||","            local.fs.readFileSync(__filename, 'utf8');","        // bug-workaround - long $npm_package_buildCustomOrg","        /* jslint-ignore-begin */","        local.assetsDict['/assets.npmtest_peerflix.rollup.js'] =","            local.assetsDict['/assets.npmtest_peerflix.rollup.js'] ||","            local.fs.readFileSync(","                local.npmtest_peerflix.__dirname + '/lib.npmtest_peerflix.js',","                'utf8'","            ).replace((/^#!/), '//');","        /* jslint-ignore-end */","        local.assetsDict['/favicon.ico'] = local.assetsDict['/favicon.ico'] || '';","        // if $npm_config_timeout_exit exists,","        // then exit this process after $npm_config_timeout_exit ms","        if (Number(process.env.npm_config_timeout_exit)) {","            setTimeout(process.exit, Number(process.env.npm_config_timeout_exit));","        }","        // start server","        if (local.global.utility2_serverHttp1) {","            break;","        }","        process.env.PORT = process.env.PORT || '8081';","        console.error('server starting on port ' + process.env.PORT);","        local.http.createServer(function (request, response) {","            request.urlParsed = local.url.parse(request.url);","            if (local.assetsDict[request.urlParsed.pathname] !== undefined) {","                response.end(local.assetsDict[request.urlParsed.pathname]);","                return;","            }","            response.statusCode = 404;","            response.end();","        }).listen(process.env.PORT);","        break;","    }","}());",""],"l":{"26":2,"28":2,"33":2,"35":2,"37":2,"38":2,"39":2,"44":1,"51":2,"55":2,"59":2,"61":2,"69":1,"70":2,"76":2,"79":2,"82":2,"83":2,"85":1,"89":2,"92":1,"93":1,"94":1,"96":1,"97":1,"100":1,"101":1,"103":1,"106":1,"108":2,"114":1,"116":1,"118":1,"123":1,"124":2,"125":2,"126":3,"127":3,"128":3,"129":3,"130":1,"133":3,"134":3,"139":3,"143":1,"144":3,"145":1,"149":1,"150":1,"158":1,"160":1,"161":1,"162":1,"164":1,"166":1,"258":1,"259":1,"271":1,"274":6,"275":6,"277":1,"279":2,"281":1,"283":2,"288":1,"289":1,"291":1,"296":1,"303":1,"306":1,"307":1,"310":1,"311":1,"313":1,"314":1,"315":1,"316":1,"317":1,"318":1,"319":1,"321":1,"322":1,"324":1}},"/home/travis/build/npmtest/node-npmtest-peerflix/node_modules/peerflix/index.js":{"path":"/home/travis/build/npmtest/node-npmtest-peerflix/node_modules/peerflix/index.js","s":{"1":4,"2":0,"3":0,"4":0,"5":0,"6":0,"7":0,"8":0,"9":0,"10":0,"11":0,"12":0,"13":0,"14":0,"15":0,"16":0,"17":0,"18":0,"19":0,"20":0,"21":0,"22":0,"23":0,"24":0,"25":0,"26":0,"27":0,"28":0,"29":0,"30":0,"31":0,"32":0,"33":0,"34":0,"35":0,"36":0,"37":0,"38":0,"39":0,"40":0,"41":0,"42":0,"43":0,"44":0,"45":0,"46":0,"47":0,"48":0,"49":0,"50":0,"51":0,"52":0,"53":0,"54":0,"55":0,"56":0,"57":0,"58":0,"59":0,"60":0,"61":0,"62":0,"63":0,"64":0,"65":0,"66":0,"67":0,"68":0,"69":0,"70":0,"71":0,"72":0,"73":0,"74":0,"75":0,"76":0,"77":0,"78":0,"79":0,"80":0,"81":0,"82":0,"83":0,"84":0,"85":0,"86":0,"87":0,"88":0,"89":0,"90":0,"91":0,"92":0,"93":0,"94":0,"95":0,"96":0,"97":0,"98":0,"99":0,"100":0,"101":0,"102":0,"103":0,"104":0,"105":0,"106":0,"107":0,"108":0,"109":0,"110":0,"111":0,"112":0,"113":0,"114":0,"115":0,"116":0,"117":0,"118":0,"119":0,"120":0,"121":0,"122":0,"123":0,"124":0,"125":0,"126":0},"b":{"1":[0,0],"2":[0,0],"3":[0,0],"4":[0,0],"5":[0,0],"6":[0,0],"7":[0,0],"8":[0,0],"9":[0,0],"10":[0,0],"11":[0,0],"12":[0,0],"13":[0,0],"14":[0,0],"15":[0,0],"16":[0,0],"17":[0,0],"18":[0,0],"19":[0,0],"20":[0,0],"21":[0,0],"22":[0,0],"23":[0,0],"24":[0,0],"25":[0,0],"26":[0,0]},"f":{"1":0,"2":0,"3":0,"4":0,"5":0,"6":0,"7":0,"8":0,"9":0,"10":0,"11":0,"12":0,"13":0,"14":0,"15":0,"16":0,"17":0,"18":0,"19":0},"fnMap":{"1":{"name":"(anonymous_1)","line":10,"loc":{"start":{"line":10,"column":21},"end":{"line":10,"column":41}}},"2":{"name":"(anonymous_2)","line":14,"loc":{"start":{"line":14,"column":36},"end":{"line":14,"column":52}}},"3":{"name":"(anonymous_3)","line":26,"loc":{"start":{"line":26,"column":13},"end":{"line":26,"column":25}}},"4":{"name":"(anonymous_4)","line":30,"loc":{"start":{"line":30,"column":19},"end":{"line":30,"column":38}}},"5":{"name":"(anonymous_5)","line":36,"loc":{"start":{"line":36,"column":16},"end":{"line":36,"column":28}}},"6":{"name":"(anonymous_6)","line":38,"loc":{"start":{"line":38,"column":29},"end":{"line":38,"column":45}}},"7":{"name":"(anonymous_7)","line":53,"loc":{"start":{"line":53,"column":23},"end":{"line":53,"column":52}}},"8":{"name":"(anonymous_8)","line":57,"loc":{"start":{"line":57,"column":21},"end":{"line":57,"column":33}}},"9":{"name":"(anonymous_9)","line":58,"loc":{"start":{"line":58,"column":20},"end":{"line":58,"column":39}}},"10":{"name":"(anonymous_10)","line":65,"loc":{"start":{"line":65,"column":17},"end":{"line":65,"column":29}}},"11":{"name":"(anonymous_11)","line":68,"loc":{"start":{"line":68,"column":42},"end":{"line":68,"column":58}}},"12":{"name":"(anonymous_12)","line":72,"loc":{"start":{"line":72,"column":39},"end":{"line":72,"column":75}}},"13":{"name":"(anonymous_13)","line":76,"loc":{"start":{"line":76,"column":20},"end":{"line":76,"column":39}}},"14":{"name":"(anonymous_14)","line":138,"loc":{"start":{"line":138,"column":20},"end":{"line":138,"column":39}}},"15":{"name":"(anonymous_15)","line":171,"loc":{"start":{"line":171,"column":26},"end":{"line":171,"column":44}}},"16":{"name":"(anonymous_16)","line":178,"loc":{"start":{"line":178,"column":17},"end":{"line":178,"column":42}}},"17":{"name":"(anonymous_17)","line":190,"loc":{"start":{"line":190,"column":28},"end":{"line":190,"column":40}}},"18":{"name":"(anonymous_18)","line":194,"loc":{"start":{"line":194,"column":26},"end":{"line":194,"column":38}}},"19":{"name":"(anonymous_19)","line":201,"loc":{"start":{"line":201,"column":21},"end":{"line":201,"column":33}}}},"statementMap":{"1":{"start":{"line":1,"column":0},"end":{"line":1,"column":45}},"2":{"start":{"line":2,"column":0},"end":{"line":2,"column":26}},"3":{"start":{"line":3,"column":0},"end":{"line":3,"column":22}},"4":{"start":{"line":4,"column":0},"end":{"line":4,"column":41}},"5":{"start":{"line":5,"column":0},"end":{"line":5,"column":28}},"6":{"start":{"line":6,"column":0},"end":{"line":6,"column":24}},"7":{"start":{"line":7,"column":0},"end":{"line":7,"column":26}},"8":{"start":{"line":8,"column":0},"end":{"line":8,"column":26}},"9":{"start":{"line":10,"column":0},"end":{"line":24,"column":1}},"10":{"start":{"line":12,"column":2},"end":{"line":12,"column":69}},"11":{"start":{"line":13,"column":2},"end":{"line":13,"column":20}},"12":{"start":{"line":14,"column":2},"end":{"line":22,"column":4}},"13":{"start":{"line":15,"column":4},"end":{"line":15,"column":20}},"14":{"start":{"line":16,"column":4},"end":{"line":21,"column":5}},"15":{"start":{"line":17,"column":6},"end":{"line":20,"column":8}},"16":{"start":{"line":23,"column":2},"end":{"line":23,"column":18}},"17":{"start":{"line":26,"column":0},"end":{"line":28,"column":1}},"18":{"start":{"line":27,"column":2},"end":{"line":27,"column":13}},"19":{"start":{"line":30,"column":0},"end":{"line":176,"column":1}},"20":{"start":{"line":31,"column":2},"end":{"line":31,"column":34}},"21":{"start":{"line":32,"column":2},"end":{"line":32,"column":24}},"22":{"start":{"line":33,"column":2},"end":{"line":33,"column":51}},"23":{"start":{"line":34,"column":2},"end":{"line":34,"column":36}},"24":{"start":{"line":36,"column":2},"end":{"line":48,"column":3}},"25":{"start":{"line":37,"column":4},"end":{"line":42,"column":5}},"26":{"start":{"line":38,"column":6},"end":{"line":40,"column":8}},"27":{"start":{"line":39,"column":8},"end":{"line":39,"column":42}},"28":{"start":{"line":41,"column":6},"end":{"line":41,"column":36}},"29":{"start":{"line":44,"column":4},"end":{"line":44,"column":27}},"30":{"start":{"line":45,"column":4},"end":{"line":45,"column":33}},"31":{"start":{"line":47,"column":4},"end":{"line":47,"column":42}},"32":{"start":{"line":47,"column":19},"end":{"line":47,"column":42}},"33":{"start":{"line":50,"column":2},"end":{"line":51,"column":29}},"34":{"start":{"line":50,"column":17},"end":{"line":50,"column":26}},"35":{"start":{"line":51,"column":7},"end":{"line":51,"column":29}},"36":{"start":{"line":53,"column":2},"end":{"line":169,"column":4}},"37":{"start":{"line":54,"column":4},"end":{"line":54,"column":34}},"38":{"start":{"line":55,"column":4},"end":{"line":55,"column":50}},"39":{"start":{"line":57,"column":4},"end":{"line":63,"column":5}},"40":{"start":{"line":58,"column":6},"end":{"line":60,"column":7}},"41":{"start":{"line":59,"column":8},"end":{"line":59,"column":76}},"42":{"start":{"line":62,"column":6},"end":{"line":62,"column":73}},"43":{"start":{"line":65,"column":4},"end":{"line":96,"column":5}},"44":{"start":{"line":66,"column":6},"end":{"line":66,"column":36}},"45":{"start":{"line":68,"column":6},"end":{"line":70,"column":8}},"46":{"start":{"line":69,"column":8},"end":{"line":69,"column":32}},"47":{"start":{"line":72,"column":6},"end":{"line":74,"column":11}},"48":{"start":{"line":73,"column":8},"end":{"line":73,"column":47}},"49":{"start":{"line":76,"column":6},"end":{"line":82,"column":7}},"50":{"start":{"line":77,"column":8},"end":{"line":81,"column":9}},"51":{"start":{"line":84,"column":6},"end":{"line":93,"column":7}},"52":{"start":{"line":95,"column":6},"end":{"line":95,"column":51}},"53":{"start":{"line":101,"column":4},"end":{"line":111,"column":5}},"54":{"start":{"line":102,"column":6},"end":{"line":102,"column":79}},"55":{"start":{"line":103,"column":6},"end":{"line":103,"column":78}},"56":{"start":{"line":104,"column":6},"end":{"line":106,"column":60}},"57":{"start":{"line":107,"column":6},"end":{"line":107,"column":61}},"58":{"start":{"line":109,"column":6},"end":{"line":109,"column":20}},"59":{"start":{"line":110,"column":6},"end":{"line":110,"column":12}},"60":{"start":{"line":113,"column":4},"end":{"line":113,"column":105}},"61":{"start":{"line":113,"column":32},"end":{"line":113,"column":105}},"62":{"start":{"line":114,"column":4},"end":{"line":114,"column":52}},"63":{"start":{"line":114,"column":28},"end":{"line":114,"column":52}},"64":{"start":{"line":116,"column":4},"end":{"line":120,"column":5}},"65":{"start":{"line":117,"column":6},"end":{"line":117,"column":31}},"66":{"start":{"line":118,"column":6},"end":{"line":118,"column":20}},"67":{"start":{"line":119,"column":6},"end":{"line":119,"column":12}},"68":{"start":{"line":122,"column":4},"end":{"line":128,"column":5}},"69":{"start":{"line":123,"column":6},"end":{"line":123,"column":25}},"70":{"start":{"line":124,"column":6},"end":{"line":124,"column":75}},"71":{"start":{"line":125,"column":6},"end":{"line":125,"column":67}},"72":{"start":{"line":126,"column":6},"end":{"line":126,"column":24}},"73":{"start":{"line":127,"column":6},"end":{"line":127,"column":12}},"74":{"start":{"line":130,"column":4},"end":{"line":136,"column":5}},"75":{"start":{"line":131,"column":6},"end":{"line":131,"column":33}},"76":{"start":{"line":132,"column":6},"end":{"line":132,"column":80}},"77":{"start":{"line":133,"column":6},"end":{"line":133,"column":71}},"78":{"start":{"line":134,"column":6},"end":{"line":134,"column":28}},"79":{"start":{"line":135,"column":6},"end":{"line":135,"column":12}},"80":{"start":{"line":138,"column":4},"end":{"line":140,"column":6}},"81":{"start":{"line":139,"column":6},"end":{"line":139,"column":65}},"82":{"start":{"line":139,"column":45},"end":{"line":139,"column":65}},"83":{"start":{"line":142,"column":4},"end":{"line":142,"column":39}},"84":{"start":{"line":144,"column":4},"end":{"line":148,"column":5}},"85":{"start":{"line":145,"column":6},"end":{"line":145,"column":31}},"86":{"start":{"line":146,"column":6},"end":{"line":146,"column":20}},"87":{"start":{"line":147,"column":6},"end":{"line":147,"column":12}},"88":{"start":{"line":150,"column":4},"end":{"line":150,"column":25}},"89":{"start":{"line":151,"column":4},"end":{"line":151,"column":37}},"90":{"start":{"line":152,"column":4},"end":{"line":152,"column":55}},"91":{"start":{"line":153,"column":4},"end":{"line":153,"column":48}},"92":{"start":{"line":154,"column":4},"end":{"line":154,"column":58}},"93":{"start":{"line":155,"column":4},"end":{"line":155,"column":60}},"94":{"start":{"line":156,"column":4},"end":{"line":156,"column":131}},"95":{"start":{"line":157,"column":4},"end":{"line":162,"column":5}},"96":{"start":{"line":158,"column":6},"end":{"line":158,"column":55}},"97":{"start":{"line":159,"column":6},"end":{"line":159,"column":58}},"98":{"start":{"line":159,"column":37},"end":{"line":159,"column":58}},"99":{"start":{"line":160,"column":6},"end":{"line":160,"column":45}},"100":{"start":{"line":161,"column":6},"end":{"line":161,"column":12}},"101":{"start":{"line":164,"column":4},"end":{"line":164,"column":29}},"102":{"start":{"line":165,"column":4},"end":{"line":165,"column":69}},"103":{"start":{"line":166,"column":4},"end":{"line":166,"column":101}},"104":{"start":{"line":167,"column":4},"end":{"line":167,"column":56}},"105":{"start":{"line":167,"column":35},"end":{"line":167,"column":56}},"106":{"start":{"line":168,"column":4},"end":{"line":168,"column":48}},"107":{"start":{"line":171,"column":2},"end":{"line":173,"column":4}},"108":{"start":{"line":172,"column":4},"end":{"line":172,"column":31}},"109":{"start":{"line":175,"column":2},"end":{"line":175,"column":15}},"110":{"start":{"line":178,"column":0},"end":{"line":208,"column":1}},"111":{"start":{"line":179,"column":2},"end":{"line":179,"column":22}},"112":{"start":{"line":179,"column":13},"end":{"line":179,"column":22}},"113":{"start":{"line":182,"column":2},"end":{"line":182,"column":69}},"114":{"start":{"line":182,"column":22},"end":{"line":182,"column":69}},"115":{"start":{"line":184,"column":2},"end":{"line":184,"column":73}},"116":{"start":{"line":187,"column":2},"end":{"line":187,"column":30}},"117":{"start":{"line":187,"column":17},"end":{"line":187,"column":30}},"118":{"start":{"line":190,"column":2},"end":{"line":192,"column":4}},"119":{"start":{"line":191,"column":4},"end":{"line":191,"column":24}},"120":{"start":{"line":194,"column":2},"end":{"line":196,"column":4}},"121":{"start":{"line":195,"column":4},"end":{"line":195,"column":25}},"122":{"start":{"line":198,"column":2},"end":{"line":198,"column":44}},"123":{"start":{"line":201,"column":2},"end":{"line":203,"column":4}},"124":{"start":{"line":202,"column":4},"end":{"line":202,"column":55}},"125":{"start":{"line":205,"column":2},"end":{"line":205,"column":17}},"126":{"start":{"line":207,"column":2},"end":{"line":207,"column":15}}},"branchMap":{"1":{"line":16,"type":"if","locations":[{"start":{"line":16,"column":4},"end":{"line":16,"column":4}},{"start":{"line":16,"column":4},"end":{"line":16,"column":4}}]},"2":{"line":33,"type":"binary-expr","locations":[{"start":{"line":33,"column":16},"end":{"line":33,"column":25}},{"start":{"line":33,"column":29},"end":{"line":33,"column":51}}]},"3":{"line":34,"type":"binary-expr","locations":[{"start":{"line":34,"column":15},"end":{"line":34,"column":26}},{"start":{"line":34,"column":30},"end":{"line":34,"column":36}}]},"4":{"line":37,"type":"if","locations":[{"start":{"line":37,"column":4},"end":{"line":37,"column":4}},{"start":{"line":37,"column":4},"end":{"line":37,"column":4}}]},"5":{"line":39,"type":"cond-expr","locations":[{"start":{"line":39,"column":37},"end":{"line":39,"column":38}},{"start":{"line":39,"column":41},"end":{"line":39,"column":42}}]},"6":{"line":47,"type":"if","locations":[{"start":{"line":47,"column":4},"end":{"line":47,"column":4}},{"start":{"line":47,"column":4},"end":{"line":47,"column":4}}]},"7":{"line":50,"type":"if","locations":[{"start":{"line":50,"column":2},"end":{"line":50,"column":2}},{"start":{"line":50,"column":2},"end":{"line":50,"column":2}}]},"8":{"line":55,"type":"binary-expr","locations":[{"start":{"line":55,"column":15},"end":{"line":55,"column":35}},{"start":{"line":55,"column":39},"end":{"line":55,"column":50}}]},"9":{"line":101,"type":"if","locations":[{"start":{"line":101,"column":4},"end":{"line":101,"column":4}},{"start":{"line":101,"column":4},"end":{"line":101,"column":4}}]},"10":{"line":101,"type":"binary-expr","locations":[{"start":{"line":101,"column":8},"end":{"line":101,"column":36}},{"start":{"line":101,"column":40},"end":{"line":101,"column":89}}]},"11":{"line":113,"type":"if","locations":[{"start":{"line":113,"column":4},"end":{"line":113,"column":4}},{"start":{"line":113,"column":4},"end":{"line":113,"column":4}}]},"12":{"line":114,"type":"if","locations":[{"start":{"line":114,"column":4},"end":{"line":114,"column":4}},{"start":{"line":114,"column":4},"end":{"line":114,"column":4}}]},"13":{"line":116,"type":"if","locations":[{"start":{"line":116,"column":4},"end":{"line":116,"column":4}},{"start":{"line":116,"column":4},"end":{"line":116,"column":4}}]},"14":{"line":122,"type":"if","locations":[{"start":{"line":122,"column":4},"end":{"line":122,"column":4}},{"start":{"line":122,"column":4},"end":{"line":122,"column":4}}]},"15":{"line":130,"type":"if","locations":[{"start":{"line":130,"column":4},"end":{"line":130,"column":4}},{"start":{"line":130,"column":4},"end":{"line":130,"column":4}}]},"16":{"line":139,"type":"if","locations":[{"start":{"line":139,"column":6},"end":{"line":139,"column":6}},{"start":{"line":139,"column":6},"end":{"line":139,"column":6}}]},"17":{"line":144,"type":"if","locations":[{"start":{"line":144,"column":4},"end":{"line":144,"column":4}},{"start":{"line":144,"column":4},"end":{"line":144,"column":4}}]},"18":{"line":144,"type":"binary-expr","locations":[{"start":{"line":144,"column":8},"end":{"line":144,"column":16}},{"start":{"line":144,"column":20},"end":{"line":144,"column":39}}]},"19":{"line":152,"type":"binary-expr","locations":[{"start":{"line":152,"column":12},"end":{"line":152,"column":17}},{"start":{"line":152,"column":21},"end":{"line":152,"column":55}}]},"20":{"line":157,"type":"if","locations":[{"start":{"line":157,"column":4},"end":{"line":157,"column":4}},{"start":{"line":157,"column":4},"end":{"line":157,"column":4}}]},"21":{"line":159,"type":"if","locations":[{"start":{"line":159,"column":6},"end":{"line":159,"column":6}},{"start":{"line":159,"column":6},"end":{"line":159,"column":6}}]},"22":{"line":167,"type":"if","locations":[{"start":{"line":167,"column":4},"end":{"line":167,"column":4}},{"start":{"line":167,"column":4},"end":{"line":167,"column":4}}]},"23":{"line":179,"type":"if","locations":[{"start":{"line":179,"column":2},"end":{"line":179,"column":2}},{"start":{"line":179,"column":2},"end":{"line":179,"column":2}}]},"24":{"line":182,"type":"if","locations":[{"start":{"line":182,"column":2},"end":{"line":182,"column":2}},{"start":{"line":182,"column":2},"end":{"line":182,"column":2}}]},"25":{"line":187,"type":"if","locations":[{"start":{"line":187,"column":2},"end":{"line":187,"column":2}},{"start":{"line":187,"column":2},"end":{"line":187,"column":2}}]},"26":{"line":202,"type":"binary-expr","locations":[{"start":{"line":202,"column":25},"end":{"line":202,"column":34}},{"start":{"line":202,"column":38},"end":{"line":202,"column":39}}]}},"code":["var torrentStream = require('torrent-stream')","var http = require('http')","var fs = require('fs')","var rangeParser = require('range-parser')","var xtend = require('xtend')","var url = require('url')","var mime = require('mime')","var pump = require('pump')","","var parseBlocklist = function (filename) {","  // TODO: support gzipped files","  var blocklistData = fs.readFileSync(filename, { encoding: 'utf8' })","  var blocklist = []","  blocklistData.split('\\n').forEach(function (line) {","    var match = null","    if ((match = /^\\s*[^#].*?\\s*:\\s*([a-f0-9.:]+?)\\s*-\\s*([a-f0-9.:]+?)\\s*$/.exec(line))) {","      blocklist.push({","        start: match[1],","        end: match[2]","      })","    }","  })","  return blocklist","}","","var truthy = function () {","  return true","}","","var createServer = function (e, opts) {","  var server = http.createServer()","  var index = opts.index","  var getType = opts.type || mime.lookup.bind(mime)","  var filter = opts.filter || truthy","","  var onready = function () {","    if (typeof index !== 'number') {","      index = e.files.reduce(function (a, b) {","        return a.length > b.length ? a : b","      })","      index = e.files.indexOf(index)","    }","","    e.files[index].select()","    server.index = e.files[index]","","    if (opts.sort) e.files.sort(opts.sort)","  }","","  if (e.torrent) onready()","  else e.on('ready', onready)","","  server.on('request', function (request, response) {","    var u = url.parse(request.url)","    var host = request.headers.host || 'localhost'","","    var toPlaylist = function () {","      var toEntry = function (file, i) {","        return '#EXTINF:-1,' + file.path + '\\n' + 'http://' + host + '/' + i","      }","","      return '#EXTM3U\\n' + e.files.filter(filter).map(toEntry).join('\\n')","    }","","    var toJSON = function () {","      var totalPeers = e.swarm.wires","","      var activePeers = totalPeers.filter(function (wire) {","        return !wire.peerChoking","      })","","      var totalLength = e.files.reduce(function (prevFileLength, currFile) {","        return prevFileLength + currFile.length","      }, 0)","","      var toEntry = function (file, i) {","        return {","          name: file.name,","          url: 'http://' + host + '/' + i,","          length: file.length","        }","      }","","      var swarmStats = {","        totalLength: totalLength,","        downloaded: e.swarm.downloaded,","        uploaded: e.swarm.uploaded,","        downloadSpeed: parseInt(e.swarm.downloadSpeed(), 10),","        uploadSpeed: parseInt(e.swarm.uploadSpeed(), 10),","        totalPeers: totalPeers.length,","        activePeers: activePeers.length,","        files: e.files.filter(filter).map(toEntry)","      }","","      return JSON.stringify(swarmStats, null, '  ')","    }","","    // Allow CORS requests to specify arbitrary headers, e.g. 'Range',","    // by responding to the OPTIONS preflight request with the specified","    // origin and requested headers.","    if (request.method === 'OPTIONS' && request.headers['access-control-request-headers']) {","      response.setHeader('Access-Control-Allow-Origin', request.headers.origin)","      response.setHeader('Access-Control-Allow-Methods', 'POST, GET, OPTIONS')","      response.setHeader(","          'Access-Control-Allow-Headers',","          request.headers['access-control-request-headers'])","      response.setHeader('Access-Control-Max-Age', '1728000')","","      response.end()","      return","    }","","    if (request.headers.origin) response.setHeader('Access-Control-Allow-Origin', request.headers.origin)","    if (u.pathname === '/') u.pathname = '/' + index","","    if (u.pathname === '/favicon.ico') {","      response.statusCode = 404","      response.end()","      return","    }","","    if (u.pathname === '/.json') {","      var json = toJSON()","      response.setHeader('Content-Type', 'application/json; charset=utf-8')","      response.setHeader('Content-Length', Buffer.byteLength(json))","      response.end(json)","      return","    }","","    if (u.pathname === '/.m3u') {","      var playlist = toPlaylist()","      response.setHeader('Content-Type', 'application/x-mpegurl; charset=utf-8')","      response.setHeader('Content-Length', Buffer.byteLength(playlist))","      response.end(playlist)","      return","    }","","    e.files.forEach(function (file, i) {","      if (u.pathname.slice(1) === file.name) u.pathname = '/' + i","    })","","    var i = Number(u.pathname.slice(1))","","    if (isNaN(i) || i >= e.files.length) {","      response.statusCode = 404","      response.end()","      return","    }","","    var file = e.files[i]","    var range = request.headers.range","    range = range && rangeParser(file.length, range)[0]","    response.setHeader('Accept-Ranges', 'bytes')","    response.setHeader('Content-Type', getType(file.name))","    response.setHeader('transferMode.dlna.org', 'Streaming')","    response.setHeader('contentFeatures.dlna.org', 'DLNA.ORG_OP=01;DLNA.ORG_CI=0;DLNA.ORG_FLAGS=017000 00000000000000000000000000')","    if (!range) {","      response.setHeader('Content-Length', file.length)","      if (request.method === 'HEAD') return response.end()","      pump(file.createReadStream(), response)","      return","    }","","    response.statusCode = 206","    response.setHeader('Content-Length', range.end - range.start + 1)","    response.setHeader('Content-Range', 'bytes ' + range.start + '-' + range.end + '/' + file.length)","    if (request.method === 'HEAD') return response.end()","    pump(file.createReadStream(range), response)","  })","","  server.on('connection', function (socket) {","    socket.setTimeout(36000000)","  })","","  return server","}","","module.exports = function (torrent, opts) {","  if (!opts) opts = {}","","  // Parse blocklist","  if (opts.blocklist) opts.blocklist = parseBlocklist(opts.blocklist)","","  var engine = torrentStream(torrent, xtend(opts, {port: opts.peerPort}))","","  // Just want torrent-stream to list files.","  if (opts.list) return engine","","  // Pause/Resume downloading as needed","  engine.on('uninterested', function () {","    engine.swarm.pause()","  })","","  engine.on('interested', function () {","    engine.swarm.resume()","  })","","  engine.server = createServer(engine, opts)","","  // Listen when torrent-stream is ready, by default a random port.","  engine.on('ready', function () {","    engine.server.listen(opts.port || 0, opts.hostname)","  })","","  engine.listen()","","  return engine","}",""],"l":{"1":4,"2":0,"3":0,"4":0,"5":0,"6":0,"7":0,"8":0,"10":0,"12":0,"13":0,"14":0,"15":0,"16":0,"17":0,"23":0,"26":0,"27":0,"30":0,"31":0,"32":0,"33":0,"34":0,"36":0,"37":0,"38":0,"39":0,"41":0,"44":0,"45":0,"47":0,"50":0,"51":0,"53":0,"54":0,"55":0,"57":0,"58":0,"59":0,"62":0,"65":0,"66":0,"68":0,"69":0,"72":0,"73":0,"76":0,"77":0,"84":0,"95":0,"101":0,"102":0,"103":0,"104":0,"107":0,"109":0,"110":0,"113":0,"114":0,"116":0,"117":0,"118":0,"119":0,"122":0,"123":0,"124":0,"125":0,"126":0,"127":0,"130":0,"131":0,"132":0,"133":0,"134":0,"135":0,"138":0,"139":0,"142":0,"144":0,"145":0,"146":0,"147":0,"150":0,"151":0,"152":0,"153":0,"154":0,"155":0,"156":0,"157":0,"158":0,"159":0,"160":0,"161":0,"164":0,"165":0,"166":0,"167":0,"168":0,"171":0,"172":0,"175":0,"178":0,"179":0,"182":0,"184":0,"187":0,"190":0,"191":0,"194":0,"195":0,"198":0,"201":0,"202":0,"205":0,"207":0}},"/home/travis/build/npmtest/node-npmtest-peerflix/node_modules/peerflix/app.js":{"path":"/home/travis/build/npmtest/node-npmtest-peerflix/node_modules/peerflix/app.js","s":{"1":2,"2":2,"3":2,"4":2,"5":2,"6":2,"7":2,"8":2,"9":0,"10":0,"11":0,"12":0,"13":0,"14":0,"15":0,"16":0,"17":0,"18":0,"19":0,"20":0,"21":0,"22":0,"23":0,"24":0,"25":0,"26":0,"27":0,"28":0,"29":0,"30":0,"31":0,"32":0,"33":0,"34":0,"35":0,"36":0,"37":0,"38":0,"39":0,"40":0,"41":0,"42":0,"43":0,"44":0,"45":0,"46":0,"47":0,"48":0,"49":0,"50":0,"51":0,"52":0,"53":0,"54":0,"55":0,"56":0,"57":0,"58":0,"59":0,"60":0,"61":0,"62":0,"63":0,"64":0,"65":0,"66":0,"67":0,"68":0,"69":0,"70":0,"71":0,"72":0,"73":0,"74":0,"75":0,"76":0,"77":0,"78":0,"79":0,"80":0,"81":0,"82":0,"83":0,"84":0,"85":0,"86":0,"87":0,"88":0,"89":0,"90":0,"91":0,"92":0,"93":0,"94":0,"95":0,"96":0,"97":0,"98":0,"99":0,"100":0,"101":0,"102":0,"103":0,"104":0,"105":0,"106":0,"107":0,"108":0,"109":0,"110":0,"111":0,"112":0,"113":0,"114":0,"115":0,"116":0,"117":0,"118":0,"119":0,"120":0,"121":0,"122":0,"123":0,"124":0,"125":0,"126":0,"127":0,"128":0,"129":0,"130":0,"131":0,"132":0,"133":0,"134":0,"135":0,"136":0,"137":0,"138":0,"139":0,"140":0,"141":0,"142":0,"143":0,"144":0,"145":0,"146":0,"147":0,"148":0,"149":0,"150":0,"151":0,"152":0,"153":0,"154":0,"155":0,"156":0,"157":0,"158":0,"159":0,"160":0,"161":0,"162":0,"163":0,"164":0,"165":0,"166":0,"167":0,"168":0,"169":0,"170":0,"171":0,"172":0,"173":0,"174":0,"175":0,"176":0,"177":0,"178":0,"179":0,"180":0,"181":0,"182":0,"183":0,"184":0,"185":0,"186":0,"187":0,"188":0,"189":0,"190":0,"191":0,"192":0,"193":0,"194":0,"195":0,"196":0,"197":0,"198":0,"199":0,"200":0,"201":0,"202":0,"203":0,"204":0,"205":0,"206":0,"207":0,"208":0,"209":0,"210":0,"211":0,"212":0,"213":0,"214":0,"215":0,"216":0,"217":0,"218":0,"219":0,"220":0,"221":0,"222":0,"223":0,"224":0,"225":0,"226":0,"227":0,"228":0,"229":0,"230":0,"231":0,"232":0,"233":0,"234":0,"235":0,"236":0,"237":0,"238":0,"239":0,"240":0,"241":0,"242":0,"243":0,"244":0,"245":0,"246":0,"247":0,"248":0,"249":0,"250":0,"251":0,"252":0,"253":0,"254":0,"255":0,"256":0,"257":0,"258":0,"259":0,"260":0,"261":0,"262":0,"263":0,"264":0,"265":0,"266":0,"267":0,"268":0,"269":0,"270":0,"271":0,"272":0,"273":0,"274":0,"275":0,"276":0,"277":0,"278":0,"279":0,"280":0,"281":0,"282":0,"283":0,"284":0,"285":0,"286":0,"287":0,"288":0,"289":0,"290":0,"291":0,"292":0,"293":0,"294":0,"295":0,"296":0,"297":0,"298":0,"299":0,"300":0,"301":0,"302":0,"303":0,"304":0,"305":0,"306":0,"307":0,"308":0,"309":0,"310":0},"b":{"1":[0,0],"2":[0,0],"3":[0,0],"4":[0,0],"5":[0,0],"6":[0,0],"7":[0,0],"8":[0,0],"9":[0,0],"10":[0,0],"11":[0,0],"12":[0,0],"13":[0,0],"14":[0,0],"15":[0,0,0],"16":[0,0],"17":[0,0],"18":[0,0],"19":[0,0],"20":[0,0],"21":[0,0],"22":[0,0],"23":[0,0],"24":[0,0],"25":[0,0],"26":[0,0],"27":[0,0],"28":[0,0],"29":[0,0],"30":[0,0],"31":[0,0],"32":[0,0],"33":[0,0],"34":[0,0],"35":[0,0],"36":[0,0],"37":[0,0],"38":[0,0],"39":[0,0],"40":[0,0],"41":[0,0],"42":[0,0],"43":[0,0],"44":[0,0],"45":[0,0],"46":[0,0],"47":[0,0],"48":[0,0],"49":[0,0],"50":[0,0],"51":[0,0],"52":[0,0],"53":[0,0],"54":[0,0],"55":[0,0],"56":[0,0],"57":[0,0,0],"58":[0,0],"59":[0,0],"60":[0,0],"61":[0,0],"62":[0,0],"63":[0,0],"64":[0,0],"65":[0,0],"66":[0,0],"67":[0,0],"68":[0,0],"69":[0,0],"70":[0,0],"71":[0,0],"72":[0,0],"73":[0,0],"74":[0,0],"75":[0,0],"76":[0,0],"77":[0,0],"78":[0,0],"79":[0,0,0],"80":[0,0],"81":[0,0],"82":[0,0]},"f":{"1":0,"2":0,"3":0,"4":0,"5":0,"6":0,"7":0,"8":0,"9":0,"10":0,"11":0,"12":0,"13":0,"14":0,"15":0,"16":0,"17":0,"18":0,"19":0,"20":0,"21":0,"22":0,"23":0,"24":0,"25":0,"26":0,"27":0,"28":0,"29":0,"30":0,"31":0,"32":0,"33":0,"34":0,"35":0},"fnMap":{"1":{"name":"(anonymous_1)","line":79,"loc":{"start":{"line":79,"column":10},"end":{"line":79,"column":23}}},"2":{"name":"(anonymous_2)","line":105,"loc":{"start":{"line":105,"column":16},"end":{"line":105,"column":35}}},"3":{"name":"(anonymous_3)","line":114,"loc":{"start":{"line":114,"column":22},"end":{"line":114,"column":34}}},"4":{"name":"(anonymous_4)","line":119,"loc":{"start":{"line":119,"column":29},"end":{"line":119,"column":41}}},"5":{"name":"(anonymous_5)","line":123,"loc":{"start":{"line":123,"column":14},"end":{"line":123,"column":29}}},"6":{"name":"(anonymous_6)","line":130,"loc":{"start":{"line":130,"column":18},"end":{"line":130,"column":30}}},"7":{"name":"(anonymous_7)","line":136,"loc":{"start":{"line":136,"column":36},"end":{"line":136,"column":55}}},"8":{"name":"(anonymous_8)","line":142,"loc":{"start":{"line":142,"column":17},"end":{"line":142,"column":36}}},"9":{"name":"(anonymous_9)","line":148,"loc":{"start":{"line":148,"column":29},"end":{"line":148,"column":55}}},"10":{"name":"(anonymous_10)","line":159,"loc":{"start":{"line":159,"column":23},"end":{"line":159,"column":35}}},"11":{"name":"(anonymous_11)","line":167,"loc":{"start":{"line":167,"column":15},"end":{"line":167,"column":31}}},"12":{"name":"(anonymous_12)","line":172,"loc":{"start":{"line":172,"column":16},"end":{"line":172,"column":32}}},"13":{"name":"(anonymous_13)","line":178,"loc":{"start":{"line":178,"column":30},"end":{"line":178,"column":42}}},"14":{"name":"(anonymous_14)","line":184,"loc":{"start":{"line":184,"column":32},"end":{"line":184,"column":44}}},"15":{"name":"(anonymous_15)","line":260,"loc":{"start":{"line":260,"column":167},"end":{"line":260,"column":202}}},"16":{"name":"(anonymous_16)","line":266,"loc":{"start":{"line":266,"column":23},"end":{"line":266,"column":35}}},"17":{"name":"(anonymous_17)","line":275,"loc":{"start":{"line":275,"column":21},"end":{"line":275,"column":33}}},"18":{"name":"(anonymou
[...]
e":425,"column":2}},{"start":{"line":425,"column":2},"end":{"line":425,"column":2}}]},"79":{"line":425,"type":"binary-expr","locations":[{"start":{"line":425,"column":6},"end":{"line":425,"column":33}},{"start":{"line":425,"column":37},"end":{"line":425,"column":69}},{"start":{"line":425,"column":73},"end":{"line":425,"column":84}}]},"80":{"line":432,"type":"if","locations":[{"start":{"line":432,"column":4},"end":{"line":432,"column":4}},{"start":{"line":432,"column":4},"end":{"line":432,"column":4}}]},"81":{"line":445,"type":"if","locations":[{"start":{"line":445,"column":2},"end":{"line":445,"column":2}},{"start":{"line":445,"column":2},"end":{"line":445,"column":2}}]},"82":{"line":464,"type":"if","locations":[{"start":{"line":464,"column":2},"end":{"line":464,"column":2}},{"start":{"line":464,"column":2},"end":{"line":464,"column":2}}]}},"code":["//#!/usr/bin/env node","","var optimist = require('optimist')","var rc = require('rc')","var clivas = require('clivas')","var numeral = require('numeral')","var os = require('os')","var address = require('network-address')","var proc = require('child_process')","var peerflix = require('./')","var keypress = require('keypress')","var openUrl = require('open')","var inquirer = require('inquirer')","var parsetorrent = require('parse-torrent')","","var path = require('path')","","process.title = 'peerflix'","","var argv = rc('peerflix', {}, optimist","  .usage('Usage: $0 magnet-link-or-torrent [options]')","  .alias('c', 'connections').describe('c', 'max connected peers').default('c', os.cpus().length > 1 ? 100 : 30)","  .alias('p', 'port').describe('p', 'change the http port').default('p', 8888)","  .alias('i', 'index').describe('i', 'changed streamed file (index)')","  .alias('l', 'list').describe('l', 'list available files with corresponding index').boolean('l')","  .alias('t', 'subtitles').describe('t', 'load subtitles file')","  .alias('q', 'quiet').describe('q', 'be quiet').boolean('v')","  .alias('v', 'vlc').describe('v', 'autoplay in vlc*').boolean('v')","  .alias('s', 'airplay').describe('s', 'autoplay via AirPlay').boolean('a')","  .alias('m', 'mplayer').describe('m', 'autoplay in mplayer*').boolean('m')","  .alias('g', 'smplayer').describe('g', 'autoplay in smplayer*').boolean('g')","  .describe('mpchc', 'autoplay in MPC-HC player*').boolean('boolean')","  .describe('potplayer', 'autoplay in Potplayer*').boolean('boolean')","  .alias('k', 'mpv').describe('k', 'autoplay in mpv*').boolean('k')","  .alias('o', 'omx').describe('o', 'autoplay in omx**').boolean('o')","  .alias('w', 'webplay').describe('w', 'autoplay in webplay').boolean('w')","  .alias('j', 'jack').describe('j', 'autoplay in omx** using the audio jack').boolean('j')","  .alias('f', 'path').describe('f', 'change buffer file path')","  .alias('b', 'blocklist').describe('b', 'use the specified blocklist')","  .alias('n', 'no-quit').describe('n', 'do not quit peerflix on vlc exit').boolean('n')","  .alias('a', 'all').describe('a', 'select all files in the torrent').boolean('a')","  .alias('r', 'remove').describe('r', 'remove files on exit').boolean('r')","  .alias('h', 'hostname').describe('h', 'host name or IP to bind the server to')","  .alias('e', 'peer').describe('e', 'add peer by ip:port')","  .alias('x', 'peer-port').describe('x', 'set peer listening port')","  .alias('d', 'not-on-top').describe('d', 'do not float video on top').boolean('d')","  .describe('on-downloaded', 'script to call when file is 100% downloaded')","  .describe('on-listening', 'script to call when server goes live')","  .describe('version', 'prints current version').boolean('boolean')","  .argv)","","if (argv.version) {","  console.error(require('./package').version)","  process.exit(0)","}","","var filename = argv._[0]","var onTop = !argv.d","","if (!filename) {","  optimist.showHelp()","  console.error('Options passed after -- will be passed to your player')","  console.error('')","  console.error('  \"peerflix magnet-link --vlc -- --fullscreen\" will pass --fullscreen to vlc')","  console.error('')","  console.error('* Autoplay can take several seconds to start since it needs to wait for the first piece')","  console.error('** OMX player is the default Raspbian video player\\n')","  process.exit(1)","}","","var VLC_ARGS = '-q' + (onTop ? ' --video-on-top' : '') + ' --play-and-exit'","var OMX_EXEC = argv.jack ? 'omxplayer -r -o local ' : 'omxplayer -r -o hdmi '","var MPLAYER_EXEC = 'mplayer ' + (onTop ? '-ontop' : '') + ' -really-quiet -noidx -loop 0 '","var SMPLAYER_EXEC = 'smplayer ' + (onTop ? '-ontop' : '')","var MPV_EXEC = 'mpv ' + (onTop ? '--ontop' : '') + ' --really-quiet --loop=no '","var MPC_HC_ARGS = '/play'","var POTPLAYER_ARGS = ''","","var enc = function (s) {","  return /\\s/.test(s) ? JSON.stringify(s) : s","}","","if (argv.t) {","  VLC_ARGS += ' --sub-file=' + (process.platform === 'win32' ? argv.t : enc(argv.t))","  OMX_EXEC += ' --subtitles ' + enc(argv.t)","  MPLAYER_EXEC += ' -sub ' + enc(argv.t)","  SMPLAYER_EXEC += ' -sub ' + enc(argv.t)","  MPV_EXEC += ' --sub-file=' + enc(argv.t)","  POTPLAYER_ARGS += ' ' + enc(argv.t)","}","","if (argv._.length > 1) {","  var _args = argv._","  _args.shift()","  var playerArgs = _args.join(' ')","  VLC_ARGS += ' ' + playerArgs","  OMX_EXEC += ' ' + playerArgs","  MPLAYER_EXEC += ' ' + playerArgs","  SMPLAYER_EXEC += ' ' + playerArgs","  MPV_EXEC += ' ' + playerArgs","  MPC_HC_ARGS += ' ' + playerArgs","  POTPLAYER_ARGS += ' ' + playerArgs","}","","var ontorrent = function (torrent) {","  if (argv['peer-port']) argv.peerPort = Number(argv['peer-port'])","","  var engine = peerflix(torrent, argv)","  var hotswaps = 0","  var verified = 0","  var invalid = 0","  var downloadedPercentage = 0","","  engine.on('verify', function () {","    verified++","    downloadedPercentage = Math.floor(verified / engine.torrent.pieces.length * 100)","  })","","  engine.on('invalid-piece', function () {","    invalid++","  })","","  var bytes = function (num) {","    return numeral(num).format('0.0b')","  }","","  if (argv.list) {","    var interactive = process.stdout.isTTY && process.stdin.isTTY && !!process.stdin.setRawMode","","    var onready = function () {","      if (interactive) {","        inquirer.prompt([{","          type: 'list',","          name: 'file',","          message: 'Choose one file',","          choices: engine.files.map(function (file, i) {","            return {","              name: file.name + ' : ' + bytes(file.length),","              value: i","            }","          })","        }]).then(function (answers) {","          argv.index = answers.file","          delete argv.list","          ontorrent(torrent)","        })","      } else {","        engine.files.forEach(function (file, i, files) {","          clivas.line('{3+bold:' + i + '} : {magenta:' + file.name + '} : {blue:' + bytes(file.length) + '}')","        })","        process.exit(0)","      }","    }","    if (engine.torrent) onready()","    else engine.on('ready', onready)","    return","  }","","  engine.on('hotswap', function () {","    hotswaps++","  })","","  var started = Date.now()","  var wires = engine.swarm.wires","  var swarm = engine.swarm","","  var active = function (wire) {","    return !wire.peerChoking","  }","","  var peers = [].concat(argv.peer || [])","  peers.forEach(function (peer) {","    engine.connect(peer)","  })","","  if (argv['on-downloaded']) {","    var downloaded = false","    engine.on('uninterested', function () {","      if (!downloaded) proc.exec(argv['on-downloaded'])","      downloaded = true","    })","  }","","  engine.server.on('listening', function () {","    var host = argv.hostname || address()","    var href = 'http://' + host + ':' + engine.server.address().port + '/'","    var localHref = 'http://localhost:' + engine.server.address().port + '/'","    var filename = engine.server.index.name.split('/').pop().replace(/\\{|\\}/g, '')","    var filelength = engine.server.index.length","    var player = null","    var paused = false","    var timePaused = 0","    var pausedAt = null","","    if (argv.all) {","      filename = engine.torrent.name","      filelength = engine.torrent.length","      href += '.m3u'","      localHref += '.m3u'","    }","","    var registry, key","    if (argv.vlc && process.platform === 'win32') {","      player = 'vlc'","      registry = require('windows-no-runnable').registry","      if (process.arch === 'x64') {","        try {","          key = registry('HKLM/Software/Wow6432Node/VideoLAN/VLC')","          if (!key['InstallDir']) {","            throw new Error('no install dir')","          }","        } catch (e) {","          try {","            key = registry('HKLM/Software/VideoLAN/VLC')","          } catch (err) {}","        }","      } else {","        try {","          key = registry('HKLM/Software/VideoLAN/VLC')","        } catch (err) {","          try {","            key = registry('HKLM/Software/Wow6432Node/VideoLAN/VLC')","          } catch (e) {}","        }","      }","","      if (key) {","        var vlcPath = key['InstallDir'].value + path.sep + 'vlc'","        VLC_ARGS = VLC_ARGS.split(' ')","        VLC_ARGS.unshift(localHref)","        proc.execFile(vlcPath, VLC_ARGS)","      }","    } else if (argv.mpchc && process.platform === 'win32') {","      player = 'mph-hc'","      registry = require('windows-no-runnable').registry","      key = registry('HKCU/Software/MPC-HC/MPC-HC')","","      var exePath = key['ExePath']","      proc.exec('\"' + exePath + '\" \"' + localHref + '\" ' + MPC_HC_ARGS)","    } else if (argv.potplayer && process.platform === 'win32') {","      player = 'potplayer'","      registry = require('windows-no-runnable').registry","      if (process.arch === 'x64') {","        key = registry('HKCU/Software/DAUM/PotPlayer64')","      }","","      if (!key || !key['ProgramPath']) {","        key = registry('HKCU/Software/DAUM/PotPlayer')","      }","","      if (key['ProgramPath']) {","        var potplayerPath = key['ProgramPath'].value","        proc.exec('\"' + potplayerPath + '\" \"' + localHref + '\" ' + POTPLAYER_ARGS)","      }","    } else {","      if (argv.vlc) {","        player = 'vlc'","        var root = '/Applications/VLC.app/Contents/MacOS/VLC'","        var home = (process.env.HOME || '') + root","        var vlc = proc.exec('vlc ' + VLC_ARGS + ' ' + localHref + ' || ' + root + ' ' + VLC_ARGS + ' ' + localHref + ' || ' + home + ' ' + VLC_ARGS + ' ' + localHref, function (error, stdout, stderror) {","          if (error) {","            process.exit(0)","          }","        })","","        vlc.on('exit', function () {","          if (!argv.n && argv.quit !== false) process.exit(0)","        })","      }","    }","","    if (argv.omx) {","      player = 'omx'","      var omx = proc.exec(OMX_EXEC + ' ' + localHref)","      omx.on('exit', function () {","        if (!argv.n && argv.quit !== false) process.exit(0)","      })","    }","    if (argv.mplayer) {","      player = 'mplayer'","      var mplayer = proc.exec(MPLAYER_EXEC + ' ' + localHref)","      mplayer.on('exit', function () {","        if (!argv.n && argv.quit !== false) process.exit(0)","      })","    }","    if (argv.smplayer) {","      player = 'smplayer'","      var smplayer = proc.exec(SMPLAYER_EXEC + ' ' + localHref)","      smplayer.on('exit', function () {","        if (!argv.n && argv.quit !== false) process.exit(0)","      })","    }","    if (argv.mpv) {","      player = 'mpv'","      var mpv = proc.exec(MPV_EXEC + ' ' + localHref)","      mpv.on('exit', function () {","        if (!argv.n && argv.quit !== false) process.exit(0)","      })","    }","    if (argv.webplay) {","      player = 'webplay'","      openUrl('https://85d514b3e548d934d8ff7c45a54732e65a3162fe.htmlb.in/#' + localHref)","    }","    if (argv.airplay) {","      var list = require('airplayer')()","      list.once('update', function (player) {","        list.destroy()","        player.play(href)","      })","    }","","    if (argv['on-listening']) proc.exec(argv['on-listening'] + ' ' + href)","","    if (argv.quiet) return console.log('server is listening on ' + href)","","    process.stdout.write(new Buffer('G1tIG1sySg==', 'base64')) // clear for drawing","","    var interactive = !player && process.stdin.isTTY && !!process.stdin.setRawMode","","    if (interactive) {","      keypress(process.stdin)","      process.stdin.on('keypress', function (ch, key) {","        if (!key) return","        if (key.name === 'c' && key.ctrl === true) return process.kill(process.pid, 'SIGINT')","        if (key.name === 'l' && key.ctrl === true) {","          var command = 'xdg-open'","          if (process.platform === 'win32') { command = 'explorer' }","          if (process.platform === 'darwin') { command = 'open' }","","          return proc.exec(command + ' ' + engine.path)","        }","        if (key.name !== 'space') return","","        if (player) return","        if (paused === false) {","          if (!argv.all) {","            engine.server.index.deselect()","          } else {","            engine.files.forEach(function (file) {","              file.deselect()","            })","          }","          paused = true","          pausedAt = Date.now()","          draw()","          return","        }","","        if (!argv.all) {","          engine.server.index.select()","        } else {","          engine.files.forEach(function (file) {","            file.select()","          })","        }","","        paused = false","        timePaused += Date.now() - pausedAt","        draw()","      })","      process.stdin.setRawMode(true)","    }","","    var draw = function () {","      var unchoked = engine.swarm.wires.filter(active)","      var timeCurrentPause = 0","      if (paused === true) {","        timeCurrentPause = Date.now() - pausedAt","      }","      var runtime = Math.floor((Date.now() - started - timePaused - timeCurrentPause) / 1000)","      var linesremaining = clivas.height","      var peerslisted = 0","","      clivas.clear()","      if (argv.airplay) clivas.line('{green:streaming to} {bold:apple-tv} {green:using airplay}')","      else clivas.line('{green:open} {bold:' + (player || 'vlc') + '} {green:and enter} {bold:' + href + '} {green:as the network address}')","      clivas.line('')","      clivas.line('{yellow:info} {green:streaming} {bold:' + filename + ' (' + bytes(filelength) + ')} {green:-} {bold:' + bytes(swarm.downloadSpeed()) + '/s} {green:from} {bold:' + unchoked.length + '/' + wires.length + '} {green:peers}    ')","      clivas.line('{yellow:info} {green:path} {cyan:' + engine.path + '}')","      clivas.line('{yellow:info} {green:downloaded} {bold:' + bytes(swarm.downloaded) + '} (' + downloadedPercentage + '%) {green:and uploaded }{bold:' + bytes(swarm.uploaded) + '} {green:in }{bold:' + runtime + 's} {green:with} {bold:' + hotswaps + '} {green:hotswaps}     ')","      clivas.line('{yellow:info} {green:verified} {bold:' + verified + '} {green:pieces and received} {bold:' + invalid + '} {green:invalid pieces}')","      clivas.line('{yellow:info} {green:peer queue size is} {bold:' + swarm.queued + '}')","      clivas.line('{80:}')","","      if (interactive) {","        var openLoc = ' or CTRL+L to open download location}'","        if (paused) clivas.line('{yellow:PAUSED} {green:Press SPACE to continue download' + openLoc)","        else clivas.line('{50+green:Press SPACE to pause download' + openLoc)","      }","","      clivas.line('')","      linesremaining -= 9","","      wires.every(function (wire) {","        var tags = []","        if (wire.peerChoking) tags.push('choked')","        clivas.line('{25+magenta:' + wire.peerAddress + '} {10:' + bytes(wire.downloaded) + '} {10 + cyan:' + bytes(wire.downloadSpeed()) + '/s} {15 + grey:' + tags.join(', ') + '}   ')","        peerslisted++","        return linesremaining - peerslisted > 4","      })","      linesremaining -= peerslisted","","      if (wires.length > peerslisted) {","        clivas.line('{80:}')","        clivas.line('... and ' + (wires.length - peerslisted) + ' more     ')","      }","","      clivas.line('{80:}')","      clivas.flush()","    }","","    setInterval(draw, 500)","    draw()","  })","","  engine.server.once('error', function () {","    engine.server.listen(0, argv.hostname)","  })","","  var onmagnet = function () {","    clivas.clear()","    clivas.line('{green:fetching torrent metadata from} {bold:' + engine.swarm.wires.length + '} {green:peers}')","  }","","  if (typeof torrent === 'string' && torrent.indexOf('magnet:') === 0 && !argv.quiet) {","    onmagnet()","    engine.swarm.on('wire', onmagnet)","  }","","  engine.on('ready', function () {","    engine.swarm.removeListener('wire', onmagnet)","    if (!argv.all) return","    engine.files.forEach(function (file) {","      file.select()","    })","  })","","  var onexit = function () {","    // we're doing some heavy lifting so it can take some time to exit... let's","    // better output a status message so the user knows we're working on it :)","    clivas.line('')","    clivas.line('{yellow:info} {green:peerflix is exiting...}')","  }","","  if (argv.remove) {","    var remove = function () {","      onexit()","      engine.remove(function () {","        process.exit()","      })","    }","","    process.on('SIGINT', remove)","    process.on('SIGTERM', remove)","  } else {","    process.on('SIGINT', function () {","      onexit()","      process.exit()","    })","  }","}","","parsetorrent.remote(filename, function (err, parsedtorrent) {","  if (err) {","    console.error(err.message)","    process.exit(1)","  }","  ontorrent(parsedtorrent)","})",""],"l":{"3":2,"4":2,"5":2,"6":2,"7":2,"8":2,"9":2,"10":2,"11":0,"12":0,"13":0,"14":0,"16":0,"18":0,"20":0,"52":0,"53":0,"54":0,"57":0,"58":0,"60":0,"61":0,"62":0,"63":0,"64":0,"65":0,"66":0,"67":0,"68":0,"71":0,"72":0,"73":0,"74":0,"75":0,"76":0,"77":0,"79":0,"80":0,"83":0,"84":0,"85":0,"86":0,"87":0,"88":0,"89":0,"92":0,"93":0,"94":0,"95":0,"96":0,"97":0,"98":0,"99":0,"100":0,"101":0,"102":0,"105":0,"106":0,"108":0,"109":0,"110":0,"111":0,"112":0,"114":0,"115":0,"116":0,"119":0,"120":0,"123":0,"124":0,"127":0,"128":0,"130":0,"131":0,"132":0,"137":0,"143":0,"144":0,"145":0,"148":0,"149":0,"151":0,"154":0,"155":0,"156":0,"159":0,"160":0,"163":0,"164":0,"165":0,"167":0,"168":0,"171":0,"172":0,"173":0,"176":0,"177":0,"178":0,"179":0,"180":0,"184":0,"185":0,"186":0,"187":0,"188":0,"189":0,"190":0,"191":0,"192":0,"193":0,"195":0,"196":0,"197":0,"198":0,"199":0,"202":0,"203":0,"204":0,"205":0,"206":0,"207":0,"208":0,"209":0,"210":0,"213":0,"214":0,"218":0,"219":0,"221":0,"222":0,"227":0,"228":0,"229":0,"230":0,"231":0,"233":0,"234":0,"235":0,"236":0,"238":0,"239":0,"240":0,"241":0,"242":0,"243":0,"244":0,"247":0,"248":0,"251":0,"252":0,"253":0,"256":0,"257":0,"258":0,"259":0,"260":0,"261":0,"262":0,"266":0,"267":0,"272":0,"273":0,"274":0,"275":0,"276":0,"279":0,"280":0,"281":0,"282":0,"283":0,"286":0,"287":0,"288":0,"289":0,"290":0,"293":0,"294":0,"295":0,"296":0,"297":0,"300":0,"301":0,"302":0,"304":0,"305":0,"306":0,"307":0,"308":0,"312":0,"314":0,"316":0,"318":0,"320":0,"321":0,"322":0,"323":0,"324":0,"325":0,"326":0,"327":0,"328":0,"330":0,"332":0,"334":0,"335":0,"336":0,"337":0,"339":0,"340":0,"343":0,"344":0,"345":0,"346":0,"349":0,"350":0,"352":0,"353":0,"357":0,"358":0,"359":0,"361":0,"364":0,"365":0,"366":0,"367":0,"368":0,"370":0,"371":0,"372":0,"374":0,"375":0,"376":0,"377":0,"378":0,"379":0,"380":0,"381":0,"382":0,"383":0,"385":0,"386":0,"387":0,"388":0,"391":0,"392":0,"394":0,"395":0,"396":0,"397":0,"398":0,"399":0,"401":0,"403":0,"404":0,"405":0,"408":0,"409":0,"412":0,"413":0,"416":0,"417":0,"420":0,"421":0,"422":0,"425":0,"426":0,"427":0,"430":0,"431":0,"432":0,"433":0,"434":0,"438":0,"441":0,"442":0,"445":0,"446":0,"447":0,"448":0,"449":0,"453":0,"454":0,"456":0,"457":0,"458":0,"463":0,"464":0,"465":0,"466":0,"468":0}}}